{"C:\\Users\\User\\Desktop\\food_payment\\src\\app.js": {"path":"C:\\Users\\User\\Desktop\\food_payment\\src\\app.js","statementMap":{"0":{"start":{"line":1,"column":16},"end":{"line":1,"column":34}},"1":{"start":{"line":2,"column":13},"end":{"line":2,"column":28}},"2":{"start":{"line":3,"column":15},"end":{"line":3,"column":32}},"3":{"start":{"line":4,"column":15},"end":{"line":4,"column":32}},"4":{"start":{"line":5,"column":18},"end":{"line":5,"column":47}},"5":{"start":{"line":6,"column":13},"end":{"line":6,"column":30}},"6":{"start":{"line":7,"column":13},"end":{"line":7,"column":28}},"7":{"start":{"line":9,"column":22},"end":{"line":9,"column":55}},"8":{"start":{"line":10,"column":21},"end":{"line":10,"column":57}},"9":{"start":{"line":12,"column":12},"end":{"line":12,"column":21}},"10":{"start":{"line":15,"column":0},"end":{"line":15,"column":18}},"11":{"start":{"line":16,"column":0},"end":{"line":16,"column":16}},"12":{"start":{"line":19,"column":0},"end":{"line":19,"column":41}},"13":{"start":{"line":20,"column":0},"end":{"line":20,"column":48}},"14":{"start":{"line":23,"column":0},"end":{"line":25,"column":1}},"15":{"start":{"line":24,"column":2},"end":{"line":24,"column":25}},"16":{"start":{"line":28,"column":0},"end":{"line":33,"column":1}},"17":{"start":{"line":29,"column":26},"end":{"line":29,"column":79}},"18":{"start":{"line":30,"column":2},"end":{"line":30,"column":74}},"19":{"start":{"line":32,"column":2},"end":{"line":32,"column":70}},"20":{"start":{"line":36,"column":0},"end":{"line":42,"column":3}},"21":{"start":{"line":37,"column":2},"end":{"line":41,"column":5}},"22":{"start":{"line":45,"column":0},"end":{"line":45,"column":40}},"23":{"start":{"line":48,"column":0},"end":{"line":53,"column":3}},"24":{"start":{"line":49,"column":2},"end":{"line":52,"column":5}},"25":{"start":{"line":56,"column":0},"end":{"line":56,"column":22}},"26":{"start":{"line":58,"column":0},"end":{"line":58,"column":21}}},"fnMap":{"0":{"name":"(anonymous_0)","decl":{"start":{"line":36,"column":19},"end":{"line":36,"column":20}},"loc":{"start":{"line":36,"column":33},"end":{"line":42,"column":1}},"line":36},"1":{"name":"(anonymous_1)","decl":{"start":{"line":48,"column":8},"end":{"line":48,"column":9}},"loc":{"start":{"line":48,"column":22},"end":{"line":53,"column":1}},"line":48}},"branchMap":{"0":{"loc":{"start":{"line":23,"column":0},"end":{"line":25,"column":1}},"type":"if","locations":[{"start":{"line":23,"column":0},"end":{"line":25,"column":1}},{"start":{},"end":{}}],"line":23}},"s":{"0":1,"1":1,"2":1,"3":1,"4":1,"5":1,"6":1,"7":1,"8":1,"9":1,"10":1,"11":1,"12":1,"13":1,"14":1,"15":0,"16":1,"17":1,"18":1,"19":0,"20":1,"21":1,"22":1,"23":1,"24":1,"25":1,"26":1},"f":{"0":1,"1":1},"b":{"0":[0,1]},"_coverageSchema":"1a1c01bbd47fc00a2c39e90264f33305004495a9","hash":"b1d1cd94d96052da1875025fa96a25dacfec3077"}
,"C:\\Users\\User\\Desktop\\food_payment\\src\\controllers\\paymentController.js": {"path":"C:\\Users\\User\\Desktop\\food_payment\\src\\controllers\\paymentController.js","statementMap":{"0":{"start":{"line":1,"column":23},"end":{"line":1,"column":60}},"1":{"start":{"line":9,"column":0},"end":{"line":30,"column":2}},"2":{"start":{"line":10,"column":2},"end":{"line":29,"column":3}},"3":{"start":{"line":11,"column":32},"end":{"line":11,"column":42}},"4":{"start":{"line":12,"column":50},"end":{"line":12,"column":58}},"5":{"start":{"line":14,"column":19},"end":{"line":20,"column":6}},"6":{"start":{"line":22,"column":4},"end":{"line":26,"column":7}},"7":{"start":{"line":28,"column":4},"end":{"line":28,"column":16}},"8":{"start":{"line":38,"column":0},"end":{"line":49,"column":2}},"9":{"start":{"line":39,"column":2},"end":{"line":48,"column":3}},"10":{"start":{"line":40,"column":19},"end":{"line":40,"column":76}},"11":{"start":{"line":42,"column":4},"end":{"line":45,"column":7}},"12":{"start":{"line":47,"column":4},"end":{"line":47,"column":16}},"13":{"start":{"line":55,"column":0},"end":{"line":84,"column":2}},"14":{"start":{"line":56,"column":2},"end":{"line":83,"column":3}},"15":{"start":{"line":57,"column":88},"end":{"line":57,"column":96}},"16":{"start":{"line":59,"column":4},"end":{"line":64,"column":5}},"17":{"start":{"line":60,"column":6},"end":{"line":63,"column":9}},"18":{"start":{"line":66,"column":19},"end":{"line":74,"column":6}},"19":{"start":{"line":76,"column":4},"end":{"line":80,"column":7}},"20":{"start":{"line":82,"column":4},"end":{"line":82,"column":16}},"21":{"start":{"line":90,"column":0},"end":{"line":112,"column":2}},"22":{"start":{"line":91,"column":2},"end":{"line":111,"column":3}},"23":{"start":{"line":92,"column":19},"end":{"line":92,"column":29}},"24":{"start":{"line":93,"column":32},"end":{"line":93,"column":40}},"25":{"start":{"line":95,"column":4},"end":{"line":100,"column":5}},"26":{"start":{"line":96,"column":6},"end":{"line":99,"column":9}},"27":{"start":{"line":102,"column":19},"end":{"line":102,"column":75}},"28":{"start":{"line":104,"column":4},"end":{"line":108,"column":7}},"29":{"start":{"line":110,"column":4},"end":{"line":110,"column":16}},"30":{"start":{"line":118,"column":0},"end":{"line":129,"column":2}},"31":{"start":{"line":119,"column":2},"end":{"line":128,"column":3}},"32":{"start":{"line":120,"column":20},"end":{"line":120,"column":70}},"33":{"start":{"line":122,"column":4},"end":{"line":125,"column":7}},"34":{"start":{"line":127,"column":4},"end":{"line":127,"column":16}},"35":{"start":{"line":135,"column":0},"end":{"line":146,"column":2}},"36":{"start":{"line":136,"column":2},"end":{"line":145,"column":3}},"37":{"start":{"line":137,"column":20},"end":{"line":137,"column":80}},"38":{"start":{"line":139,"column":4},"end":{"line":142,"column":7}},"39":{"start":{"line":144,"column":4},"end":{"line":144,"column":16}},"40":{"start":{"line":152,"column":0},"end":{"line":165,"column":2}},"41":{"start":{"line":153,"column":2},"end":{"line":164,"column":3}},"42":{"start":{"line":154,"column":44},"end":{"line":154,"column":53}},"43":{"start":{"line":155,"column":19},"end":{"line":155,"column":87}},"44":{"start":{"line":157,"column":4},"end":{"line":161,"column":7}},"45":{"start":{"line":163,"column":4},"end":{"line":163,"column":16}},"46":{"start":{"line":171,"column":0},"end":{"line":184,"column":2}},"47":{"start":{"line":172,"column":2},"end":{"line":183,"column":3}},"48":{"start":{"line":173,"column":23},"end":{"line":173,"column":31}},"49":{"start":{"line":174,"column":19},"end":{"line":174,"column":76}},"50":{"start":{"line":176,"column":4},"end":{"line":180,"column":7}},"51":{"start":{"line":182,"column":4},"end":{"line":182,"column":16}},"52":{"start":{"line":190,"column":0},"end":{"line":201,"column":2}},"53":{"start":{"line":191,"column":2},"end":{"line":200,"column":3}},"54":{"start":{"line":192,"column":20},"end":{"line":192,"column":71}},"55":{"start":{"line":194,"column":4},"end":{"line":197,"column":7}},"56":{"start":{"line":199,"column":4},"end":{"line":199,"column":16}},"57":{"start":{"line":208,"column":0},"end":{"line":219,"column":2}},"58":{"start":{"line":209,"column":2},"end":{"line":218,"column":3}},"59":{"start":{"line":210,"column":17},"end":{"line":210,"column":71}},"60":{"start":{"line":212,"column":4},"end":{"line":215,"column":7}},"61":{"start":{"line":217,"column":4},"end":{"line":217,"column":16}},"62":{"start":{"line":226,"column":0},"end":{"line":242,"column":2}},"63":{"start":{"line":227,"column":2},"end":{"line":241,"column":3}},"64":{"start":{"line":228,"column":28},"end":{"line":228,"column":37}},"65":{"start":{"line":229,"column":19},"end":{"line":229,"column":93}},"66":{"start":{"line":231,"column":4},"end":{"line":238,"column":7}},"67":{"start":{"line":240,"column":4},"end":{"line":240,"column":16}}},"fnMap":{"0":{"name":"(anonymous_0)","decl":{"start":{"line":9,"column":33},"end":{"line":9,"column":34}},"loc":{"start":{"line":9,"column":59},"end":{"line":30,"column":1}},"line":9},"1":{"name":"(anonymous_1)","decl":{"start":{"line":38,"column":32},"end":{"line":38,"column":33}},"loc":{"start":{"line":38,"column":58},"end":{"line":49,"column":1}},"line":38},"2":{"name":"(anonymous_2)","decl":{"start":{"line":55,"column":24},"end":{"line":55,"column":25}},"loc":{"start":{"line":55,"column":50},"end":{"line":84,"column":1}},"line":55},"3":{"name":"(anonymous_3)","decl":{"start":{"line":90,"column":25},"end":{"line":90,"column":26}},"loc":{"start":{"line":90,"column":51},"end":{"line":112,"column":1}},"line":90},"4":{"name":"(anonymous_4)","decl":{"start":{"line":118,"column":25},"end":{"line":118,"column":26}},"loc":{"start":{"line":118,"column":51},"end":{"line":129,"column":1}},"line":118},"5":{"name":"(anonymous_5)","decl":{"start":{"line":135,"column":30},"end":{"line":135,"column":31}},"loc":{"start":{"line":135,"column":56},"end":{"line":146,"column":1}},"line":135},"6":{"name":"(anonymous_6)","decl":{"start":{"line":152,"column":25},"end":{"line":152,"column":26}},"loc":{"start":{"line":152,"column":51},"end":{"line":165,"column":1}},"line":152},"7":{"name":"(anonymous_7)","decl":{"start":{"line":171,"column":24},"end":{"line":171,"column":25}},"loc":{"start":{"line":171,"column":50},"end":{"line":184,"column":1}},"line":171},"8":{"name":"(anonymous_8)","decl":{"start":{"line":190,"column":26},"end":{"line":190,"column":27}},"loc":{"start":{"line":190,"column":52},"end":{"line":201,"column":1}},"line":190},"9":{"name":"(anonymous_9)","decl":{"start":{"line":208,"column":25},"end":{"line":208,"column":26}},"loc":{"start":{"line":208,"column":51},"end":{"line":219,"column":1}},"line":208},"10":{"name":"(anonymous_10)","decl":{"start":{"line":226,"column":28},"end":{"line":226,"column":29}},"loc":{"start":{"line":226,"column":54},"end":{"line":242,"column":1}},"line":226}},"branchMap":{"0":{"loc":{"start":{"line":59,"column":4},"end":{"line":64,"column":5}},"type":"if","locations":[{"start":{"line":59,"column":4},"end":{"line":64,"column":5}},{"start":{},"end":{}}],"line":59},"1":{"loc":{"start":{"line":59,"column":8},"end":{"line":59,"column":38}},"type":"binary-expr","locations":[{"start":{"line":59,"column":8},"end":{"line":59,"column":16}},{"start":{"line":59,"column":20},"end":{"line":59,"column":27}},{"start":{"line":59,"column":31},"end":{"line":59,"column":38}}],"line":59},"2":{"loc":{"start":{"line":95,"column":4},"end":{"line":100,"column":5}},"type":"if","locations":[{"start":{"line":95,"column":4},"end":{"line":100,"column":5}},{"start":{},"end":{}}],"line":95}},"s":{"0":1,"1":1,"2":5,"3":5,"4":5,"5":5,"6":2,"7":3,"8":1,"9":3,"10":3,"11":2,"12":1,"13":1,"14":5,"15":5,"16":5,"17":3,"18":2,"19":1,"20":1,"21":1,"22":4,"23":4,"24":4,"25":4,"26":1,"27":3,"28":1,"29":2,"30":1,"31":2,"32":2,"33":1,"34":1,"35":1,"36":2,"37":2,"38":1,"39":1,"40":1,"41":3,"42":3,"43":3,"44":3,"45":0,"46":1,"47":4,"48":4,"49":4,"50":2,"51":2,"52":1,"53":2,"54":2,"55":1,"56":1,"57":1,"58":3,"59":3,"60":1,"61":2,"62":1,"63":2,"64":2,"65":2,"66":2,"67":0},"f":{"0":5,"1":3,"2":5,"3":4,"4":2,"5":2,"6":3,"7":4,"8":2,"9":3,"10":2},"b":{"0":[3,2],"1":[5,4,3],"2":[1,3]},"_coverageSchema":"1a1c01bbd47fc00a2c39e90264f33305004495a9","hash":"8ea05920bab2d362fa4ceef719434c1ae6b02139"}
,"C:\\Users\\User\\Desktop\\food_payment\\src\\middleware\\errorHandler.js": {"path":"C:\\Users\\User\\Desktop\\food_payment\\src\\middleware\\errorHandler.js","statementMap":{"0":{"start":{"line":4,"column":21},"end":{"line":46,"column":1}},"1":{"start":{"line":6,"column":2},"end":{"line":11,"column":3}},"2":{"start":{"line":7,"column":4},"end":{"line":10,"column":7}},"3":{"start":{"line":14,"column":2},"end":{"line":21,"column":3}},"4":{"start":{"line":15,"column":21},"end":{"line":15,"column":68}},"5":{"start":{"line":15,"column":58},"end":{"line":15,"column":67}},"6":{"start":{"line":16,"column":4},"end":{"line":20,"column":7}},"7":{"start":{"line":24,"column":2},"end":{"line":29,"column":3}},"8":{"start":{"line":25,"column":4},"end":{"line":28,"column":7}},"9":{"start":{"line":32,"column":2},"end":{"line":38,"column":3}},"10":{"start":{"line":33,"column":4},"end":{"line":37,"column":7}},"11":{"start":{"line":41,"column":2},"end":{"line":41,"column":41}},"12":{"start":{"line":42,"column":2},"end":{"line":45,"column":5}},"13":{"start":{"line":48,"column":0},"end":{"line":48,"column":30}}},"fnMap":{"0":{"name":"(anonymous_0)","decl":{"start":{"line":4,"column":21},"end":{"line":4,"column":22}},"loc":{"start":{"line":4,"column":46},"end":{"line":46,"column":1}},"line":4},"1":{"name":"(anonymous_1)","decl":{"start":{"line":15,"column":51},"end":{"line":15,"column":52}},"loc":{"start":{"line":15,"column":58},"end":{"line":15,"column":67}},"line":15}},"branchMap":{"0":{"loc":{"start":{"line":6,"column":2},"end":{"line":11,"column":3}},"type":"if","locations":[{"start":{"line":6,"column":2},"end":{"line":11,"column":3}},{"start":{},"end":{}}],"line":6},"1":{"loc":{"start":{"line":14,"column":2},"end":{"line":21,"column":3}},"type":"if","locations":[{"start":{"line":14,"column":2},"end":{"line":21,"column":3}},{"start":{},"end":{}}],"line":14},"2":{"loc":{"start":{"line":24,"column":2},"end":{"line":29,"column":3}},"type":"if","locations":[{"start":{"line":24,"column":2},"end":{"line":29,"column":3}},{"start":{},"end":{}}],"line":24},"3":{"loc":{"start":{"line":32,"column":2},"end":{"line":38,"column":3}},"type":"if","locations":[{"start":{"line":32,"column":2},"end":{"line":38,"column":3}},{"start":{},"end":{}}],"line":32},"4":{"loc":{"start":{"line":32,"column":6},"end":{"line":32,"column":47}},"type":"binary-expr","locations":[{"start":{"line":32,"column":6},"end":{"line":32,"column":14}},{"start":{"line":32,"column":18},"end":{"line":32,"column":47}}],"line":32},"5":{"loc":{"start":{"line":33,"column":22},"end":{"line":33,"column":43}},"type":"binary-expr","locations":[{"start":{"line":33,"column":22},"end":{"line":33,"column":36}},{"start":{"line":33,"column":40},"end":{"line":33,"column":43}}],"line":33}},"s":{"0":1,"1":14,"2":14,"3":0,"4":0,"5":0,"6":0,"7":0,"8":0,"9":0,"10":0,"11":0,"12":0,"13":1},"f":{"0":14,"1":0},"b":{"0":[14,0],"1":[0,0],"2":[0,0],"3":[0,0],"4":[0,0],"5":[0,0]},"_coverageSchema":"1a1c01bbd47fc00a2c39e90264f33305004495a9","hash":"9daf416fa15f465e8858f409c350e2d2e9b8f906"}
,"C:\\Users\\User\\Desktop\\food_payment\\src\\models\\Payment.js": {"path":"C:\\Users\\User\\Desktop\\food_payment\\src\\models\\Payment.js","statementMap":{"0":{"start":{"line":1,"column":17},"end":{"line":1,"column":36}},"1":{"start":{"line":3,"column":22},"end":{"line":75,"column":1}},"2":{"start":{"line":78,"column":0},"end":{"line":78,"column":35}},"3":{"start":{"line":79,"column":0},"end":{"line":79,"column":39}},"4":{"start":{"line":81,"column":0},"end":{"line":81,"column":58}}},"fnMap":{},"branchMap":{},"s":{"0":1,"1":1,"2":1,"3":1,"4":1},"f":{},"b":{},"_coverageSchema":"1a1c01bbd47fc00a2c39e90264f33305004495a9","hash":"8e93abf799d0249dfdd27712f28b48a095d16630"}
,"C:\\Users\\User\\Desktop\\food_payment\\src\\routes\\paymentRoutes.js": {"path":"C:\\Users\\User\\Desktop\\food_payment\\src\\routes\\paymentRoutes.js","statementMap":{"0":{"start":{"line":1,"column":16},"end":{"line":1,"column":34}},"1":{"start":{"line":2,"column":15},"end":{"line":2,"column":31}},"2":{"start":{"line":3,"column":26},"end":{"line":3,"column":69}},"3":{"start":{"line":9,"column":0},"end":{"line":9,"column":86}},"4":{"start":{"line":12,"column":0},"end":{"line":12,"column":50}},"5":{"start":{"line":15,"column":0},"end":{"line":15,"column":50}},"6":{"start":{"line":21,"column":0},"end":{"line":21,"column":70}},"7":{"start":{"line":25,"column":0},"end":{"line":25,"column":65}},"8":{"start":{"line":28,"column":0},"end":{"line":28,"column":69}},"9":{"start":{"line":33,"column":0},"end":{"line":33,"column":62}},"10":{"start":{"line":36,"column":0},"end":{"line":36,"column":60}},"11":{"start":{"line":39,"column":0},"end":{"line":39,"column":68}},"12":{"start":{"line":42,"column":0},"end":{"line":42,"column":62}},"13":{"start":{"line":45,"column":0},"end":{"line":45,"column":53}},"14":{"start":{"line":47,"column":0},"end":{"line":47,"column":24}}},"fnMap":{},"branchMap":{},"s":{"0":1,"1":1,"2":1,"3":1,"4":1,"5":1,"6":1,"7":1,"8":1,"9":1,"10":1,"11":1,"12":1,"13":1,"14":1},"f":{},"b":{},"_coverageSchema":"1a1c01bbd47fc00a2c39e90264f33305004495a9","hash":"8a92726645e8ca489c6c784d166635655df48e43"}
,"C:\\Users\\User\\Desktop\\food_payment\\src\\services\\orderService.js": {"path":"C:\\Users\\User\\Desktop\\food_payment\\src\\services\\orderService.js","statementMap":{"0":{"start":{"line":1,"column":14},"end":{"line":1,"column":30}},"1":{"start":{"line":4,"column":2},"end":{"line":4,"column":89}},"2":{"start":{"line":14,"column":21},"end":{"line":51,"column":1}},"3":{"start":{"line":15,"column":2},"end":{"line":50,"column":3}},"4":{"start":{"line":16,"column":21},"end":{"line":19,"column":6}},"5":{"start":{"line":22,"column":20},"end":{"line":22,"column":33}},"6":{"start":{"line":23,"column":18},"end":{"line":23,"column":84}},"7":{"start":{"line":26,"column":4},"end":{"line":28,"column":5}},"8":{"start":{"line":27,"column":6},"end":{"line":27,"column":68}},"9":{"start":{"line":30,"column":4},"end":{"line":30,"column":17}},"10":{"start":{"line":32,"column":4},"end":{"line":32,"column":34}},"11":{"start":{"line":32,"column":22},"end":{"line":32,"column":34}},"12":{"start":{"line":34,"column":4},"end":{"line":43,"column":5}},"13":{"start":{"line":35,"column":21},"end":{"line":35,"column":42}},"14":{"start":{"line":36,"column":6},"end":{"line":38,"column":7}},"15":{"start":{"line":37,"column":8},"end":{"line":37,"column":70}},"16":{"start":{"line":39,"column":6},"end":{"line":42,"column":8}},"17":{"start":{"line":45,"column":4},"end":{"line":47,"column":5}},"18":{"start":{"line":46,"column":6},"end":{"line":46,"column":64}},"19":{"start":{"line":49,"column":4},"end":{"line":49,"column":83}},"20":{"start":{"line":62,"column":27},"end":{"line":80,"column":1}},"21":{"start":{"line":64,"column":4},"end":{"line":68,"column":16}},"22":{"start":{"line":70,"column":2},"end":{"line":72,"column":3}},"23":{"start":{"line":71,"column":4},"end":{"line":71,"column":78}},"24":{"start":{"line":74,"column":17},"end":{"line":74,"column":32}},"25":{"start":{"line":75,"column":2},"end":{"line":77,"column":3}},"26":{"start":{"line":76,"column":4},"end":{"line":76,"column":67}},"27":{"start":{"line":79,"column":2},"end":{"line":79,"column":16}},"28":{"start":{"line":88,"column":22},"end":{"line":102,"column":1}},"29":{"start":{"line":89,"column":16},"end":{"line":89,"column":43}},"30":{"start":{"line":92,"column":26},"end":{"line":92,"column":72}},"31":{"start":{"line":93,"column":2},"end":{"line":98,"column":3}},"32":{"start":{"line":94,"column":4},"end":{"line":97,"column":6}},"33":{"start":{"line":100,"column":17},"end":{"line":100,"column":42}},"34":{"start":{"line":101,"column":2},"end":{"line":101,"column":27}},"35":{"start":{"line":104,"column":0},"end":{"line":104,"column":69}}},"fnMap":{"0":{"name":"(anonymous_0)","decl":{"start":{"line":14,"column":21},"end":{"line":14,"column":22}},"loc":{"start":{"line":14,"column":40},"end":{"line":51,"column":1}},"line":14},"1":{"name":"(anonymous_1)","decl":{"start":{"line":62,"column":27},"end":{"line":62,"column":28}},"loc":{"start":{"line":62,"column":38},"end":{"line":80,"column":1}},"line":62},"2":{"name":"(anonymous_2)","decl":{"start":{"line":88,"column":22},"end":{"line":88,"column":23}},"loc":{"start":{"line":88,"column":41},"end":{"line":102,"column":1}},"line":88}},"branchMap":{"0":{"loc":{"start":{"line":4,"column":2},"end":{"line":4,"column":89}},"type":"binary-expr","locations":[{"start":{"line":4,"column":2},"end":{"line":4,"column":31}},{"start":{"line":4,"column":35},"end":{"line":4,"column":89}}],"line":4},"1":{"loc":{"start":{"line":23,"column":18},"end":{"line":23,"column":84}},"type":"binary-expr","locations":[{"start":{"line":23,"column":18},"end":{"line":23,"column":38}},{"start":{"line":23,"column":42},"end":{"line":23,"column":55}},{"start":{"line":23,"column":59},"end":{"line":23,"column":73}},{"start":{"line":23,"column":77},"end":{"line":23,"column":84}}],"line":23},"2":{"loc":{"start":{"line":26,"column":4},"end":{"line":28,"column":5}},"type":"if","locations":[{"start":{"line":26,"column":4},"end":{"line":28,"column":5}},{"start":{},"end":{}}],"line":26},"3":{"loc":{"start":{"line":26,"column":8},"end":{"line":26,"column":69}},"type":"binary-expr","locations":[{"start":{"line":26,"column":8},"end":{"line":26,"column":14}},{"start":{"line":26,"column":19},"end":{"line":26,"column":42}},{"start":{"line":26,"column":46},"end":{"line":26,"column":68}}],"line":26},"4":{"loc":{"start":{"line":32,"column":4},"end":{"line":32,"column":34}},"type":"if","locations":[{"start":{"line":32,"column":4},"end":{"line":32,"column":34}},{"start":{},"end":{}}],"line":32},"5":{"loc":{"start":{"line":34,"column":4},"end":{"line":43,"column":5}},"type":"if","locations":[{"start":{"line":34,"column":4},"end":{"line":43,"column":5}},{"start":{},"end":{}}],"line":34},"6":{"loc":{"start":{"line":36,"column":6},"end":{"line":38,"column":7}},"type":"if","locations":[{"start":{"line":36,"column":6},"end":{"line":38,"column":7}},{"start":{},"end":{}}],"line":36},"7":{"loc":{"start":{"line":41,"column":41},"end":{"line":41,"column":86}},"type":"binary-expr","locations":[{"start":{"line":41,"column":41},"end":{"line":41,"column":69}},{"start":{"line":41,"column":73},"end":{"line":41,"column":86}}],"line":41},"8":{"loc":{"start":{"line":45,"column":4},"end":{"line":47,"column":5}},"type":"if","locations":[{"start":{"line":45,"column":4},"end":{"line":47,"column":5}},{"start":{},"end":{}}],"line":45},"9":{"loc":{"start":{"line":45,"column":8},"end":{"line":45,"column":67}},"type":"binary-expr","locations":[{"start":{"line":45,"column":8},"end":{"line":45,"column":37}},{"start":{"line":45,"column":41},"end":{"line":45,"column":67}}],"line":45},"10":{"loc":{"start":{"line":64,"column":4},"end":{"line":68,"column":16}},"type":"binary-expr","locations":[{"start":{"line":64,"column":4},"end":{"line":64,"column":21}},{"start":{"line":65,"column":4},"end":{"line":65,"column":20}},{"start":{"line":66,"column":4},"end":{"line":66,"column":15}},{"start":{"line":67,"column":4},"end":{"line":67,"column":15}},{"start":{"line":68,"column":4},"end":{"line":68,"column":16}}],"line":64},"11":{"loc":{"start":{"line":70,"column":2},"end":{"line":72,"column":3}},"type":"if","locations":[{"start":{"line":70,"column":2},"end":{"line":72,"column":3}},{"start":{},"end":{}}],"line":70},"12":{"loc":{"start":{"line":70,"column":6},"end":{"line":70,"column":39}},"type":"binary-expr","locations":[{"start":{"line":70,"column":6},"end":{"line":70,"column":23}},{"start":{"line":70,"column":27},"end":{"line":70,"column":39}}],"line":70},"13":{"loc":{"start":{"line":75,"column":2},"end":{"line":77,"column":3}},"type":"if","locations":[{"start":{"line":75,"column":2},"end":{"line":77,"column":3}},{"start":{},"end":{}}],"line":75},"14":{"loc":{"start":{"line":75,"column":6},"end":{"line":75,"column":34}},"type":"binary-expr","locations":[{"start":{"line":75,"column":6},"end":{"line":75,"column":19}},{"start":{"line":75,"column":23},"end":{"line":75,"column":34}}],"line":75},"15":{"loc":{"start":{"line":93,"column":2},"end":{"line":98,"column":3}},"type":"if","locations":[{"start":{"line":93,"column":2},"end":{"line":98,"column":3}},{"start":{},"end":{}}],"line":93},"16":{"loc":{"start":{"line":93,"column":32},"end":{"line":93,"column":50}},"type":"binary-expr","locations":[{"start":{"line":93,"column":32},"end":{"line":93,"column":44}},{"start":{"line":93,"column":48},"end":{"line":93,"column":50}}],"line":93}},"s":{"0":1,"1":1,"2":1,"3":7,"4":7,"5":4,"6":4,"7":4,"8":0,"9":4,"10":3,"11":0,"12":3,"13":1,"14":1,"15":1,"16":0,"17":2,"18":0,"19":2,"20":1,"21":3,"22":3,"23":0,"24":3,"25":3,"26":0,"27":3,"28":1,"29":5,"30":3,"31":3,"32":0,"33":3,"34":3,"35":1},"f":{"0":7,"1":3,"2":5},"b":{"0":[1,1],"1":[4,4,4,4],"2":[0,4],"3":[4,4,0],"4":[0,3],"5":[1,2],"6":[1,0],"7":[0,0],"8":[0,2],"9":[2,2],"10":[3,0,0,0,0],"11":[0,3],"12":[3,3],"13":[0,3],"14":[3,3],"15":[0,3],"16":[3,0]},"_coverageSchema":"1a1c01bbd47fc00a2c39e90264f33305004495a9","hash":"fd50bc8f3734d777748c1871797d6e447404bc82"}
,"C:\\Users\\User\\Desktop\\food_payment\\src\\services\\paymentService.js": {"path":"C:\\Users\\User\\Desktop\\food_payment\\src\\services\\paymentService.js","statementMap":{"0":{"start":{"line":1,"column":15},"end":{"line":1,"column":32}},"1":{"start":{"line":2,"column":16},"end":{"line":2,"column":44}},"2":{"start":{"line":3,"column":38},"end":{"line":3,"column":62}},"3":{"start":{"line":4,"column":40},"end":{"line":4,"column":65}},"4":{"start":{"line":7,"column":21},"end":{"line":7,"column":58}},"5":{"start":{"line":16,"column":4},"end":{"line":18,"column":5}},"6":{"start":{"line":17,"column":6},"end":{"line":17,"column":72}},"7":{"start":{"line":21,"column":22},"end":{"line":21,"column":26}},"8":{"start":{"line":22,"column":4},"end":{"line":29,"column":5}},"9":{"start":{"line":23,"column":6},"end":{"line":23,"column":47}},"10":{"start":{"line":27,"column":6},"end":{"line":27,"column":40}},"11":{"start":{"line":27,"column":30},"end":{"line":27,"column":40}},"12":{"start":{"line":28,"column":6},"end":{"line":28,"column":93}},"13":{"start":{"line":32,"column":26},"end":{"line":32,"column":50}},"14":{"start":{"line":35,"column":26},"end":{"line":45,"column":6}},"15":{"start":{"line":48,"column":20},"end":{"line":60,"column":6}},"16":{"start":{"line":62,"column":4},"end":{"line":62,"column":25}},"17":{"start":{"line":64,"column":4},"end":{"line":71,"column":6}},"18":{"start":{"line":78,"column":20},"end":{"line":78,"column":53}},"19":{"start":{"line":79,"column":4},"end":{"line":81,"column":5}},"20":{"start":{"line":80,"column":6},"end":{"line":80,"column":58}},"21":{"start":{"line":83,"column":4},"end":{"line":85,"column":5}},"22":{"start":{"line":84,"column":6},"end":{"line":84,"column":75}},"23":{"start":{"line":88,"column":26},"end":{"line":93,"column":5}},"24":{"start":{"line":96,"column":4},"end":{"line":96,"column":83}},"25":{"start":{"line":97,"column":4},"end":{"line":97,"column":25}},"26":{"start":{"line":99,"column":4},"end":{"line":106,"column":6}},"27":{"start":{"line":113,"column":20},"end":{"line":113,"column":53}},"28":{"start":{"line":114,"column":4},"end":{"line":116,"column":5}},"29":{"start":{"line":115,"column":6},"end":{"line":115,"column":58}},"30":{"start":{"line":117,"column":4},"end":{"line":117,"column":19}},"31":{"start":{"line":124,"column":20},"end":{"line":124,"column":54}},"32":{"start":{"line":125,"column":4},"end":{"line":127,"column":5}},"33":{"start":{"line":126,"column":6},"end":{"line":126,"column":73}},"34":{"start":{"line":128,"column":4},"end":{"line":128,"column":19}},"35":{"start":{"line":135,"column":19},"end":{"line":135,"column":21}},"36":{"start":{"line":136,"column":4},"end":{"line":136,"column":39}},"37":{"start":{"line":136,"column":16},"end":{"line":136,"column":39}},"38":{"start":{"line":137,"column":4},"end":{"line":137,"column":39}},"39":{"start":{"line":137,"column":16},"end":{"line":137,"column":39}},"40":{"start":{"line":139,"column":17},"end":{"line":139,"column":35}},"41":{"start":{"line":141,"column":30},"end":{"line":144,"column":6}},"42":{"start":{"line":146,"column":4},"end":{"line":154,"column":6}},"43":{"start":{"line":161,"column":20},"end":{"line":161,"column":53}},"44":{"start":{"line":162,"column":4},"end":{"line":164,"column":5}},"45":{"start":{"line":163,"column":6},"end":{"line":163,"column":58}},"46":{"start":{"line":166,"column":4},"end":{"line":168,"column":5}},"47":{"start":{"line":167,"column":6},"end":{"line":167,"column":80}},"48":{"start":{"line":170,"column":25},"end":{"line":170,"column":49}},"49":{"start":{"line":171,"column":4},"end":{"line":173,"column":5}},"50":{"start":{"line":172,"column":6},"end":{"line":172,"column":83}},"51":{"start":{"line":176,"column":19},"end":{"line":179,"column":6}},"52":{"start":{"line":182,"column":4},"end":{"line":182,"column":32}},"53":{"start":{"line":183,"column":4},"end":{"line":183,"column":33}},"54":{"start":{"line":184,"column":4},"end":{"line":184,"column":40}},"55":{"start":{"line":185,"column":4},"end":{"line":185,"column":25}},"56":{"start":{"line":187,"column":4},"end":{"line":193,"column":6}},"57":{"start":{"line":200,"column":20},"end":{"line":200,"column":53}},"58":{"start":{"line":201,"column":4},"end":{"line":203,"column":5}},"59":{"start":{"line":202,"column":6},"end":{"line":202,"column":58}},"60":{"start":{"line":205,"column":20},"end":{"line":218,"column":5}},"61":{"start":{"line":220,"column":4},"end":{"line":220,"column":19}},"62":{"start":{"line":245,"column":4},"end":{"line":249,"column":5}},"63":{"start":{"line":246,"column":6},"end":{"line":246,"column":57}},"64":{"start":{"line":248,"column":6},"end":{"line":248,"column":16}},"65":{"start":{"line":252,"column":22},"end":{"line":252,"column":26}},"66":{"start":{"line":253,"column":4},"end":{"line":258,"column":5}},"67":{"start":{"line":254,"column":6},"end":{"line":254,"column":47}},"68":{"start":{"line":256,"column":6},"end":{"line":256,"column":40}},"69":{"start":{"line":256,"column":30},"end":{"line":256,"column":40}},"70":{"start":{"line":257,"column":6},"end":{"line":257,"column":93}},"71":{"start":{"line":261,"column":4},"end":{"line":266,"column":5}},"72":{"start":{"line":262,"column":6},"end":{"line":265,"column":8}},"73":{"start":{"line":269,"column":26},"end":{"line":269,"column":50}},"74":{"start":{"line":270,"column":29},"end":{"line":270,"column":64}},"75":{"start":{"line":272,"column":26},"end":{"line":282,"column":6}},"76":{"start":{"line":285,"column":20},"end":{"line":298,"column":6}},"77":{"start":{"line":300,"column":4},"end":{"line":300,"column":25}},"78":{"start":{"line":302,"column":4},"end":{"line":313,"column":6}},"79":{"start":{"line":324,"column":20},"end":{"line":324,"column":53}},"80":{"start":{"line":325,"column":4},"end":{"line":327,"column":5}},"81":{"start":{"line":326,"column":6},"end":{"line":326,"column":58}},"82":{"start":{"line":330,"column":26},"end":{"line":339,"column":6}},"83":{"start":{"line":332,"column":8},"end":{"line":332,"column":85}},"84":{"start":{"line":333,"column":8},"end":{"line":333,"column":44}},"85":{"start":{"line":336,"column":8},"end":{"line":336,"column":84}},"86":{"start":{"line":337,"column":8},"end":{"line":337,"column":43}},"87":{"start":{"line":341,"column":4},"end":{"line":345,"column":6}},"88":{"start":{"line":356,"column":4},"end":{"line":356,"column":31}},"89":{"start":{"line":367,"column":17},"end":{"line":367,"column":35}},"90":{"start":{"line":369,"column":36},"end":{"line":377,"column":6}},"91":{"start":{"line":374,"column":8},"end":{"line":374,"column":93}},"92":{"start":{"line":375,"column":8},"end":{"line":375,"column":20}},"93":{"start":{"line":379,"column":4},"end":{"line":388,"column":6}},"94":{"start":{"line":392,"column":0},"end":{"line":392,"column":38}}},"fnMap":{"0":{"name":"(anonymous_0)","decl":{"start":{"line":14,"column":2},"end":{"line":14,"column":3}},"loc":{"start":{"line":14,"column":99},"end":{"line":72,"column":3}},"line":14},"1":{"name":"(anonymous_1)","decl":{"start":{"line":77,"column":2},"end":{"line":77,"column":3}},"loc":{"start":{"line":77,"column":51},"end":{"line":107,"column":3}},"line":77},"2":{"name":"(anonymous_2)","decl":{"start":{"line":112,"column":2},"end":{"line":112,"column":3}},"loc":{"start":{"line":112,"column":34},"end":{"line":118,"column":3}},"line":112},"3":{"name":"(anonymous_3)","decl":{"start":{"line":123,"column":2},"end":{"line":123,"column":3}},"loc":{"start":{"line":123,"column":37},"end":{"line":129,"column":3}},"line":123},"4":{"name":"(anonymous_4)","decl":{"start":{"line":134,"column":2},"end":{"line":134,"column":3}},"loc":{"start":{"line":134,"column":65},"end":{"line":155,"column":3}},"line":134},"5":{"name":"(anonymous_5)","decl":{"start":{"line":160,"column":2},"end":{"line":160,"column":3}},"loc":{"start":{"line":160,"column":41},"end":{"line":194,"column":3}},"line":160},"6":{"name":"(anonymous_6)","decl":{"start":{"line":199,"column":2},"end":{"line":199,"column":3}},"loc":{"start":{"line":199,"column":35},"end":{"line":221,"column":3}},"line":199},"7":{"name":"(anonymous_7)","decl":{"start":{"line":242,"column":2},"end":{"line":242,"column":3}},"loc":{"start":{"line":242,"column":87},"end":{"line":314,"column":3}},"line":242},"8":{"name":"(anonymous_8)","decl":{"start":{"line":323,"column":2},"end":{"line":323,"column":3}},"loc":{"start":{"line":323,"column":41},"end":{"line":346,"column":3}},"line":323},"9":{"name":"(anonymous_9)","decl":{"start":{"line":331,"column":42},"end":{"line":331,"column":43}},"loc":{"start":{"line":331,"column":51},"end":{"line":334,"column":7}},"line":331},"10":{"name":"(anonymous_10)","decl":{"start":{"line":335,"column":40},"end":{"line":335,"column":41}},"loc":{"start":{"line":335,"column":49},"end":{"line":338,"column":7}},"line":335},"11":{"name":"(anonymous_11)","decl":{"start":{"line":355,"column":2},"end":{"line":355,"column":3}},"loc":{"start":{"line":355,"column":31},"end":{"line":357,"column":3}},"line":355},"12":{"name":"(anonymous_12)","decl":{"start":{"line":366,"column":2},"end":{"line":366,"column":3}},"loc":{"start":{"line":366,"column":65},"end":{"line":389,"column":3}},"line":366},"13":{"name":"(anonymous_13)","decl":{"start":{"line":372,"column":32},"end":{"line":372,"column":33}},"loc":{"start":{"line":372,"column":41},"end":{"line":376,"column":7}},"line":372}},"branchMap":{"0":{"loc":{"start":{"line":16,"column":4},"end":{"line":18,"column":5}},"type":"if","locations":[{"start":{"line":16,"column":4},"end":{"line":18,"column":5}},{"start":{},"end":{}}],"line":16},"1":{"loc":{"start":{"line":27,"column":6},"end":{"line":27,"column":40}},"type":"if","locations":[{"start":{"line":27,"column":6},"end":{"line":27,"column":40}},{"start":{},"end":{}}],"line":27},"2":{"loc":{"start":{"line":37,"column":16},"end":{"line":37,"column":33}},"type":"binary-expr","locations":[{"start":{"line":37,"column":16},"end":{"line":37,"column":24}},{"start":{"line":37,"column":28},"end":{"line":37,"column":33}}],"line":37},"3":{"loc":{"start":{"line":39,"column":19},"end":{"line":39,"column":64}},"type":"binary-expr","locations":[{"start":{"line":39,"column":19},"end":{"line":39,"column":30}},{"start":{"line":39,"column":34},"end":{"line":39,"column":64}}],"line":39},"4":{"loc":{"start":{"line":52,"column":16},"end":{"line":52,"column":33}},"type":"binary-expr","locations":[{"start":{"line":52,"column":16},"end":{"line":52,"column":24}},{"start":{"line":52,"column":28},"end":{"line":52,"column":33}}],"line":52},"5":{"loc":{"start":{"line":54,"column":21},"end":{"line":54,"column":44}},"type":"binary-expr","locations":[{"start":{"line":54,"column":21},"end":{"line":54,"column":34}},{"start":{"line":54,"column":38},"end":{"line":54,"column":44}}],"line":54},"6":{"loc":{"start":{"line":57,"column":19},"end":{"line":57,"column":64}},"type":"binary-expr","locations":[{"start":{"line":57,"column":19},"end":{"line":57,"column":30}},{"start":{"line":57,"column":34},"end":{"line":57,"column":64}}],"line":57},"7":{"loc":{"start":{"line":79,"column":4},"end":{"line":81,"column":5}},"type":"if","locations":[{"start":{"line":79,"column":4},"end":{"line":81,"column":5}},{"start":{},"end":{}}],"line":79},"8":{"loc":{"start":{"line":83,"column":4},"end":{"line":85,"column":5}},"type":"if","locations":[{"start":{"line":83,"column":4},"end":{"line":85,"column":5}},{"start":{},"end":{}}],"line":83},"9":{"loc":{"start":{"line":96,"column":21},"end":{"line":96,"column":82}},"type":"cond-expr","locations":[{"start":{"line":96,"column":60},"end":{"line":96,"column":71}},{"start":{"line":96,"column":74},"end":{"line":96,"column":82}}],"line":96},"10":{"loc":{"start":{"line":114,"column":4},"end":{"line":116,"column":5}},"type":"if","locations":[{"start":{"line":114,"column":4},"end":{"line":116,"column":5}},{"start":{},"end":{}}],"line":114},"11":{"loc":{"start":{"line":125,"column":4},"end":{"line":127,"column":5}},"type":"if","locations":[{"start":{"line":125,"column":4},"end":{"line":127,"column":5}},{"start":{},"end":{}}],"line":125},"12":{"loc":{"start":{"line":134,"column":41},"end":{"line":134,"column":49}},"type":"default-arg","locations":[{"start":{"line":134,"column":48},"end":{"line":134,"column":49}}],"line":134},"13":{"loc":{"start":{"line":134,"column":51},"end":{"line":134,"column":61}},"type":"default-arg","locations":[{"start":{"line":134,"column":59},"end":{"line":134,"column":61}}],"line":134},"14":{"loc":{"start":{"line":136,"column":4},"end":{"line":136,"column":39}},"type":"if","locations":[{"start":{"line":136,"column":4},"end":{"line":136,"column":39}},{"start":{},"end":{}}],"line":136},"15":{"loc":{"start":{"line":137,"column":4},"end":{"line":137,"column":39}},"type":"if","locations":[{"start":{"line":137,"column":4},"end":{"line":137,"column":39}},{"start":{},"end":{}}],"line":137},"16":{"loc":{"start":{"line":162,"column":4},"end":{"line":164,"column":5}},"type":"if","locations":[{"start":{"line":162,"column":4},"end":{"line":164,"column":5}},{"start":{},"end":{}}],"line":162},"17":{"loc":{"start":{"line":166,"column":4},"end":{"line":168,"column":5}},"type":"if","locations":[{"start":{"line":166,"column":4},"end":{"line":168,"column":5}},{"start":{},"end":{}}],"line":166},"18":{"loc":{"start":{"line":170,"column":25},"end":{"line":170,"column":49}},"type":"binary-expr","locations":[{"start":{"line":170,"column":25},"end":{"line":170,"column":31}},{"start":{"line":170,"column":35},"end":{"line":170,"column":49}}],"line":170},"19":{"loc":{"start":{"line":171,"column":4},"end":{"line":173,"column":5}},"type":"if","locations":[{"start":{"line":171,"column":4},"end":{"line":173,"column":5}},{"start":{},"end":{}}],"line":171},"20":{"loc":{"start":{"line":201,"column":4},"end":{"line":203,"column":5}},"type":"if","locations":[{"start":{"line":201,"column":4},"end":{"line":203,"column":5}},{"start":{},"end":{}}],"line":201},"21":{"loc":{"start":{"line":216,"column":14},"end":{"line":216,"column":71}},"type":"cond-expr","locations":[{"start":{"line":216,"column":47},"end":{"line":216,"column":64}},{"start":{"line":216,"column":67},"end":{"line":216,"column":71}}],"line":216},"22":{"loc":{"start":{"line":256,"column":6},"end":{"line":256,"column":40}},"type":"if","locations":[{"start":{"line":256,"column":6},"end":{"line":256,"column":40}},{"start":{},"end":{}}],"line":256},"23":{"loc":{"start":{"line":261,"column":4},"end":{"line":266,"column":5}},"type":"if","locations":[{"start":{"line":261,"column":4},"end":{"line":266,"column":5}},{"start":{},"end":{}}],"line":261},"24":{"loc":{"start":{"line":261,"column":8},"end":{"line":261,"column":69}},"type":"binary-expr","locations":[{"start":{"line":261,"column":8},"end":{"line":261,"column":20}},{"start":{"line":261,"column":24},"end":{"line":261,"column":69}}],"line":261},"25":{"loc":{"start":{"line":270,"column":29},"end":{"line":270,"column":64}},"type":"binary-expr","locations":[{"start":{"line":270,"column":29},"end":{"line":270,"column":37}},{"start":{"line":270,"column":41},"end":{"line":270,"column":55}},{"start":{"line":270,"column":59},"end":{"line":270,"column":64}}],"line":270},"26":{"loc":{"start":{"line":291,"column":21},"end":{"line":291,"column":44}},"type":"binary-expr","locations":[{"start":{"line":291,"column":21},"end":{"line":291,"column":34}},{"start":{"line":291,"column":38},"end":{"line":291,"column":44}}],"line":291},"27":{"loc":{"start":{"line":325,"column":4},"end":{"line":327,"column":5}},"type":"if","locations":[{"start":{"line":325,"column":4},"end":{"line":327,"column":5}},{"start":{},"end":{}}],"line":325},"28":{"loc":{"start":{"line":333,"column":15},"end":{"line":333,"column":43}},"type":"binary-expr","locations":[{"start":{"line":333,"column":15},"end":{"line":333,"column":35}},{"start":{"line":333,"column":39},"end":{"line":333,"column":43}}],"line":333},"29":{"loc":{"start":{"line":337,"column":15},"end":{"line":337,"column":42}},"type":"binary-expr","locations":[{"start":{"line":337,"column":15},"end":{"line":337,"column":34}},{"start":{"line":337,"column":38},"end":{"line":337,"column":42}}],"line":337},"30":{"loc":{"start":{"line":366,"column":34},"end":{"line":366,"column":63}},"type":"default-arg","locations":[{"start":{"line":366,"column":61},"end":{"line":366,"column":63}}],"line":366},"31":{"loc":{"start":{"line":366,"column":36},"end":{"line":366,"column":44}},"type":"default-arg","locations":[{"start":{"line":366,"column":43},"end":{"line":366,"column":44}}],"line":366},"32":{"loc":{"start":{"line":366,"column":46},"end":{"line":366,"column":56}},"type":"default-arg","locations":[{"start":{"line":366,"column":54},"end":{"line":366,"column":56}}],"line":366}},"s":{"0":1,"1":1,"2":1,"3":1,"4":1,"5":2,"6":0,"7":2,"8":2,"9":2,"10":1,"11":1,"12":0,"13":1,"14":1,"15":1,"16":1,"17":1,"18":3,"19":3,"20":1,"21":2,"22":1,"23":1,"24":1,"25":1,"26":1,"27":2,"28":2,"29":1,"30":1,"31":2,"32":2,"33":1,"34":1,"35":3,"36":3,"37":1,"38":3,"39":1,"40":3,"41":3,"42":3,"43":4,"44":4,"45":0,"46":4,"47":1,"48":3,"49":3,"50":1,"51":2,"52":2,"53":2,"54":2,"55":2,"56":2,"57":2,"58":2,"59":1,"60":1,"61":1,"62":5,"63":5,"64":2,"65":3,"66":3,"67":3,"68":1,"69":1,"70":0,"71":2,"72":0,"73":2,"74":2,"75":2,"76":2,"77":2,"78":2,"79":3,"80":3,"81":1,"82":2,"83":1,"84":1,"85":0,"86":0,"87":2,"88":3,"89":2,"90":2,"91":1,"92":1,"93":2,"94":1},"f":{"0":2,"1":3,"2":2,"3":2,"4":3,"5":4,"6":2,"7":5,"8":3,"9":1,"10":0,"11":3,"12":2,"13":1},"b":{"0":[0,2],"1":[1,0],"2":[1,0],"3":[1,0],"4":[1,0],"5":[1,1],"6":[1,0],"7":[1,2],"8":[1,1],"9":[1,0],"10":[1,1],"11":[1,1],"12":[3],"13":[3],"14":[1,2],"15":[1,2],"16":[0,4],"17":[1,3],"18":[3,1],"19":[1,2],"20":[1,1],"21":[1,0],"22":[1,0],"23":[0,2],"24":[2,2],"25":[2,1,1],"26":[2,1],"27":[1,2],"28":[1,1],"29":[0,0],"30":[0],"31":[2],"32":[2]},"_coverageSchema":"1a1c01bbd47fc00a2c39e90264f33305004495a9","hash":"3e7b1d900e04d5b2044bdeba16ca0769fd2b427b"}
,"C:\\Users\\User\\Desktop\\food_payment\\src\\services\\userService.js": {"path":"C:\\Users\\User\\Desktop\\food_payment\\src\\services\\userService.js","statementMap":{"0":{"start":{"line":1,"column":14},"end":{"line":1,"column":30}},"1":{"start":{"line":4,"column":2},"end":{"line":4,"column":78}},"2":{"start":{"line":14,"column":20},"end":{"line":45,"column":1}},"3":{"start":{"line":15,"column":2},"end":{"line":44,"column":3}},"4":{"start":{"line":16,"column":21},"end":{"line":21,"column":6}},"5":{"start":{"line":24,"column":20},"end":{"line":24,"column":33}},"6":{"start":{"line":25,"column":4},"end":{"line":25,"column":76}},"7":{"start":{"line":27,"column":4},"end":{"line":37,"column":5}},"8":{"start":{"line":29,"column":21},"end":{"line":29,"column":42}},"9":{"start":{"line":30,"column":6},"end":{"line":32,"column":7}},"10":{"start":{"line":31,"column":8},"end":{"line":31,"column":68}},"11":{"start":{"line":33,"column":6},"end":{"line":36,"column":8}},"12":{"start":{"line":39,"column":4},"end":{"line":41,"column":5}},"13":{"start":{"line":40,"column":6},"end":{"line":40,"column":72}},"14":{"start":{"line":43,"column":4},"end":{"line":43,"column":91}},"15":{"start":{"line":54,"column":21},"end":{"line":56,"column":1}},"16":{"start":{"line":55,"column":2},"end":{"line":55,"column":29}},"17":{"start":{"line":58,"column":0},"end":{"line":58,"column":47}}},"fnMap":{"0":{"name":"(anonymous_0)","decl":{"start":{"line":14,"column":20},"end":{"line":14,"column":21}},"loc":{"start":{"line":14,"column":38},"end":{"line":45,"column":1}},"line":14},"1":{"name":"(anonymous_1)","decl":{"start":{"line":54,"column":21},"end":{"line":54,"column":22}},"loc":{"start":{"line":54,"column":39},"end":{"line":56,"column":1}},"line":54}},"branchMap":{"0":{"loc":{"start":{"line":4,"column":2},"end":{"line":4,"column":78}},"type":"binary-expr","locations":[{"start":{"line":4,"column":2},"end":{"line":4,"column":30}},{"start":{"line":4,"column":34},"end":{"line":4,"column":78}}],"line":4},"1":{"loc":{"start":{"line":25,"column":11},"end":{"line":25,"column":75}},"type":"binary-expr","locations":[{"start":{"line":25,"column":11},"end":{"line":25,"column":30}},{"start":{"line":25,"column":34},"end":{"line":25,"column":47}},{"start":{"line":25,"column":51},"end":{"line":25,"column":64}},{"start":{"line":25,"column":68},"end":{"line":25,"column":75}}],"line":25},"2":{"loc":{"start":{"line":27,"column":4},"end":{"line":37,"column":5}},"type":"if","locations":[{"start":{"line":27,"column":4},"end":{"line":37,"column":5}},{"start":{},"end":{}}],"line":27},"3":{"loc":{"start":{"line":30,"column":6},"end":{"line":32,"column":7}},"type":"if","locations":[{"start":{"line":30,"column":6},"end":{"line":32,"column":7}},{"start":{},"end":{}}],"line":30},"4":{"loc":{"start":{"line":35,"column":49},"end":{"line":35,"column":94}},"type":"binary-expr","locations":[{"start":{"line":35,"column":49},"end":{"line":35,"column":77}},{"start":{"line":35,"column":81},"end":{"line":35,"column":94}}],"line":35},"5":{"loc":{"start":{"line":39,"column":4},"end":{"line":41,"column":5}},"type":"if","locations":[{"start":{"line":39,"column":4},"end":{"line":41,"column":5}},{"start":{},"end":{}}],"line":39},"6":{"loc":{"start":{"line":39,"column":8},"end":{"line":39,"column":67}},"type":"binary-expr","locations":[{"start":{"line":39,"column":8},"end":{"line":39,"column":37}},{"start":{"line":39,"column":41},"end":{"line":39,"column":67}}],"line":39}},"s":{"0":1,"1":1,"2":1,"3":12,"4":12,"5":7,"6":7,"7":5,"8":3,"9":3,"10":3,"11":0,"12":2,"13":0,"14":2,"15":1,"16":5,"17":1},"f":{"0":12,"1":5},"b":{"0":[1,1],"1":[7,7,7,7],"2":[3,2],"3":[3,0],"4":[0,0],"5":[0,2],"6":[2,2]},"_coverageSchema":"1a1c01bbd47fc00a2c39e90264f33305004495a9","hash":"72163b2e9329916ad87513b90cd0b6a075cf7ca9"}
}
