{"C:\\Users\\User\\Documents\\Project\\af2\\food-ordering-system\\payment-service\\src\\app.js": {"path":"C:\\Users\\User\\Documents\\Project\\af2\\food-ordering-system\\payment-service\\src\\app.js","statementMap":{"0":{"start":{"line":1,"column":16},"end":{"line":1,"column":34}},"1":{"start":{"line":2,"column":13},"end":{"line":2,"column":28}},"2":{"start":{"line":3,"column":15},"end":{"line":3,"column":32}},"3":{"start":{"line":4,"column":15},"end":{"line":4,"column":32}},"4":{"start":{"line":5,"column":18},"end":{"line":5,"column":47}},"5":{"start":{"line":6,"column":13},"end":{"line":6,"column":30}},"6":{"start":{"line":7,"column":13},"end":{"line":7,"column":28}},"7":{"start":{"line":9,"column":22},"end":{"line":9,"column":55}},"8":{"start":{"line":10,"column":21},"end":{"line":10,"column":57}},"9":{"start":{"line":12,"column":12},"end":{"line":12,"column":21}},"10":{"start":{"line":15,"column":0},"end":{"line":15,"column":18}},"11":{"start":{"line":16,"column":0},"end":{"line":16,"column":16}},"12":{"start":{"line":19,"column":0},"end":{"line":19,"column":41}},"13":{"start":{"line":20,"column":0},"end":{"line":20,"column":48}},"14":{"start":{"line":23,"column":0},"end":{"line":25,"column":1}},"15":{"start":{"line":24,"column":2},"end":{"line":24,"column":25}},"16":{"start":{"line":28,"column":0},"end":{"line":33,"column":1}},"17":{"start":{"line":29,"column":26},"end":{"line":29,"column":79}},"18":{"start":{"line":30,"column":2},"end":{"line":30,"column":74}},"19":{"start":{"line":32,"column":2},"end":{"line":32,"column":70}},"20":{"start":{"line":36,"column":0},"end":{"line":42,"column":3}},"21":{"start":{"line":37,"column":2},"end":{"line":41,"column":5}},"22":{"start":{"line":45,"column":0},"end":{"line":45,"column":40}},"23":{"start":{"line":48,"column":0},"end":{"line":53,"column":3}},"24":{"start":{"line":49,"column":2},"end":{"line":52,"column":5}},"25":{"start":{"line":56,"column":0},"end":{"line":56,"column":22}},"26":{"start":{"line":58,"column":0},"end":{"line":58,"column":21}}},"fnMap":{"0":{"name":"(anonymous_0)","decl":{"start":{"line":36,"column":19},"end":{"line":36,"column":20}},"loc":{"start":{"line":36,"column":33},"end":{"line":42,"column":1}},"line":36},"1":{"name":"(anonymous_1)","decl":{"start":{"line":48,"column":8},"end":{"line":48,"column":9}},"loc":{"start":{"line":48,"column":22},"end":{"line":53,"column":1}},"line":48}},"branchMap":{"0":{"loc":{"start":{"line":23,"column":0},"end":{"line":25,"column":1}},"type":"if","locations":[{"start":{"line":23,"column":0},"end":{"line":25,"column":1}},{"start":{},"end":{}}],"line":23}},"s":{"0":1,"1":1,"2":1,"3":1,"4":1,"5":1,"6":1,"7":1,"8":1,"9":1,"10":1,"11":1,"12":1,"13":1,"14":1,"15":0,"16":1,"17":1,"18":1,"19":0,"20":1,"21":1,"22":1,"23":1,"24":1,"25":1,"26":1},"f":{"0":1,"1":1},"b":{"0":[0,1]},"_coverageSchema":"1a1c01bbd47fc00a2c39e90264f33305004495a9","hash":"8b27ef3ed1b450a53551934390170f005dfef470"}
,"C:\\Users\\User\\Documents\\Project\\af2\\food-ordering-system\\payment-service\\src\\controllers\\paymentController.js": {"path":"C:\\Users\\User\\Documents\\Project\\af2\\food-ordering-system\\payment-service\\src\\controllers\\paymentController.js","statementMap":{"0":{"start":{"line":1,"column":23},"end":{"line":1,"column":60}},"1":{"start":{"line":7,"column":0},"end":{"line":36,"column":2}},"2":{"start":{"line":8,"column":2},"end":{"line":35,"column":3}},"3":{"start":{"line":9,"column":88},"end":{"line":9,"column":96}},"4":{"start":{"line":11,"column":4},"end":{"line":16,"column":5}},"5":{"start":{"line":12,"column":6},"end":{"line":15,"column":9}},"6":{"start":{"line":18,"column":19},"end":{"line":26,"column":6}},"7":{"start":{"line":28,"column":4},"end":{"line":32,"column":7}},"8":{"start":{"line":34,"column":4},"end":{"line":34,"column":16}},"9":{"start":{"line":42,"column":0},"end":{"line":64,"column":2}},"10":{"start":{"line":43,"column":2},"end":{"line":63,"column":3}},"11":{"start":{"line":44,"column":19},"end":{"line":44,"column":29}},"12":{"start":{"line":45,"column":32},"end":{"line":45,"column":40}},"13":{"start":{"line":47,"column":4},"end":{"line":52,"column":5}},"14":{"start":{"line":48,"column":6},"end":{"line":51,"column":9}},"15":{"start":{"line":54,"column":19},"end":{"line":54,"column":75}},"16":{"start":{"line":56,"column":4},"end":{"line":60,"column":7}},"17":{"start":{"line":62,"column":4},"end":{"line":62,"column":16}},"18":{"start":{"line":70,"column":0},"end":{"line":81,"column":2}},"19":{"start":{"line":71,"column":2},"end":{"line":80,"column":3}},"20":{"start":{"line":72,"column":20},"end":{"line":72,"column":70}},"21":{"start":{"line":74,"column":4},"end":{"line":77,"column":7}},"22":{"start":{"line":79,"column":4},"end":{"line":79,"column":16}},"23":{"start":{"line":87,"column":0},"end":{"line":98,"column":2}},"24":{"start":{"line":88,"column":2},"end":{"line":97,"column":3}},"25":{"start":{"line":89,"column":20},"end":{"line":89,"column":80}},"26":{"start":{"line":91,"column":4},"end":{"line":94,"column":7}},"27":{"start":{"line":96,"column":4},"end":{"line":96,"column":16}},"28":{"start":{"line":104,"column":0},"end":{"line":117,"column":2}},"29":{"start":{"line":105,"column":2},"end":{"line":116,"column":3}},"30":{"start":{"line":106,"column":44},"end":{"line":106,"column":53}},"31":{"start":{"line":107,"column":19},"end":{"line":107,"column":87}},"32":{"start":{"line":109,"column":4},"end":{"line":113,"column":7}},"33":{"start":{"line":115,"column":4},"end":{"line":115,"column":16}},"34":{"start":{"line":123,"column":0},"end":{"line":136,"column":2}},"35":{"start":{"line":124,"column":2},"end":{"line":135,"column":3}},"36":{"start":{"line":125,"column":23},"end":{"line":125,"column":31}},"37":{"start":{"line":126,"column":19},"end":{"line":126,"column":76}},"38":{"start":{"line":128,"column":4},"end":{"line":132,"column":7}},"39":{"start":{"line":134,"column":4},"end":{"line":134,"column":16}},"40":{"start":{"line":142,"column":0},"end":{"line":153,"column":2}},"41":{"start":{"line":143,"column":2},"end":{"line":152,"column":3}},"42":{"start":{"line":144,"column":20},"end":{"line":144,"column":71}},"43":{"start":{"line":146,"column":4},"end":{"line":149,"column":7}},"44":{"start":{"line":151,"column":4},"end":{"line":151,"column":16}},"45":{"start":{"line":160,"column":0},"end":{"line":171,"column":2}},"46":{"start":{"line":161,"column":2},"end":{"line":170,"column":3}},"47":{"start":{"line":162,"column":17},"end":{"line":162,"column":71}},"48":{"start":{"line":164,"column":4},"end":{"line":167,"column":7}},"49":{"start":{"line":169,"column":4},"end":{"line":169,"column":16}},"50":{"start":{"line":178,"column":0},"end":{"line":194,"column":2}},"51":{"start":{"line":179,"column":2},"end":{"line":193,"column":3}},"52":{"start":{"line":180,"column":28},"end":{"line":180,"column":37}},"53":{"start":{"line":181,"column":19},"end":{"line":181,"column":93}},"54":{"start":{"line":183,"column":4},"end":{"line":190,"column":7}},"55":{"start":{"line":192,"column":4},"end":{"line":192,"column":16}}},"fnMap":{"0":{"name":"(anonymous_0)","decl":{"start":{"line":7,"column":24},"end":{"line":7,"column":25}},"loc":{"start":{"line":7,"column":50},"end":{"line":36,"column":1}},"line":7},"1":{"name":"(anonymous_1)","decl":{"start":{"line":42,"column":25},"end":{"line":42,"column":26}},"loc":{"start":{"line":42,"column":51},"end":{"line":64,"column":1}},"line":42},"2":{"name":"(anonymous_2)","decl":{"start":{"line":70,"column":25},"end":{"line":70,"column":26}},"loc":{"start":{"line":70,"column":51},"end":{"line":81,"column":1}},"line":70},"3":{"name":"(anonymous_3)","decl":{"start":{"line":87,"column":30},"end":{"line":87,"column":31}},"loc":{"start":{"line":87,"column":56},"end":{"line":98,"column":1}},"line":87},"4":{"name":"(anonymous_4)","decl":{"start":{"line":104,"column":25},"end":{"line":104,"column":26}},"loc":{"start":{"line":104,"column":51},"end":{"line":117,"column":1}},"line":104},"5":{"name":"(anonymous_5)","decl":{"start":{"line":123,"column":24},"end":{"line":123,"column":25}},"loc":{"start":{"line":123,"column":50},"end":{"line":136,"column":1}},"line":123},"6":{"name":"(anonymous_6)","decl":{"start":{"line":142,"column":26},"end":{"line":142,"column":27}},"loc":{"start":{"line":142,"column":52},"end":{"line":153,"column":1}},"line":142},"7":{"name":"(anonymous_7)","decl":{"start":{"line":160,"column":25},"end":{"line":160,"column":26}},"loc":{"start":{"line":160,"column":51},"end":{"line":171,"column":1}},"line":160},"8":{"name":"(anonymous_8)","decl":{"start":{"line":178,"column":28},"end":{"line":178,"column":29}},"loc":{"start":{"line":178,"column":54},"end":{"line":194,"column":1}},"line":178}},"branchMap":{"0":{"loc":{"start":{"line":11,"column":4},"end":{"line":16,"column":5}},"type":"if","locations":[{"start":{"line":11,"column":4},"end":{"line":16,"column":5}},{"start":{},"end":{}}],"line":11},"1":{"loc":{"start":{"line":11,"column":8},"end":{"line":11,"column":38}},"type":"binary-expr","locations":[{"start":{"line":11,"column":8},"end":{"line":11,"column":16}},{"start":{"line":11,"column":20},"end":{"line":11,"column":27}},{"start":{"line":11,"column":31},"end":{"line":11,"column":38}}],"line":11},"2":{"loc":{"start":{"line":47,"column":4},"end":{"line":52,"column":5}},"type":"if","locations":[{"start":{"line":47,"column":4},"end":{"line":52,"column":5}},{"start":{},"end":{}}],"line":47}},"s":{"0":1,"1":1,"2":5,"3":5,"4":5,"5":3,"6":2,"7":1,"8":1,"9":1,"10":4,"11":4,"12":4,"13":4,"14":1,"15":3,"16":1,"17":2,"18":1,"19":2,"20":2,"21":1,"22":1,"23":1,"24":2,"25":2,"26":1,"27":1,"28":1,"29":3,"30":3,"31":3,"32":3,"33":0,"34":1,"35":4,"36":4,"37":4,"38":2,"39":2,"40":1,"41":2,"42":2,"43":1,"44":1,"45":1,"46":3,"47":3,"48":1,"49":2,"50":1,"51":2,"52":2,"53":2,"54":2,"55":0},"f":{"0":5,"1":4,"2":2,"3":2,"4":3,"5":4,"6":2,"7":3,"8":2},"b":{"0":[3,2],"1":[5,4,3],"2":[1,3]},"_coverageSchema":"1a1c01bbd47fc00a2c39e90264f33305004495a9","hash":"386e42b45668bf72b627e60a6ba3a01e95a8f016"}
,"C:\\Users\\User\\Documents\\Project\\af2\\food-ordering-system\\payment-service\\src\\middleware\\errorHandler.js": {"path":"C:\\Users\\User\\Documents\\Project\\af2\\food-ordering-system\\payment-service\\src\\middleware\\errorHandler.js","statementMap":{"0":{"start":{"line":4,"column":21},"end":{"line":46,"column":1}},"1":{"start":{"line":6,"column":2},"end":{"line":11,"column":3}},"2":{"start":{"line":7,"column":4},"end":{"line":10,"column":7}},"3":{"start":{"line":14,"column":2},"end":{"line":21,"column":3}},"4":{"start":{"line":15,"column":21},"end":{"line":15,"column":68}},"5":{"start":{"line":15,"column":58},"end":{"line":15,"column":67}},"6":{"start":{"line":16,"column":4},"end":{"line":20,"column":7}},"7":{"start":{"line":24,"column":2},"end":{"line":29,"column":3}},"8":{"start":{"line":25,"column":4},"end":{"line":28,"column":7}},"9":{"start":{"line":32,"column":2},"end":{"line":38,"column":3}},"10":{"start":{"line":33,"column":4},"end":{"line":37,"column":7}},"11":{"start":{"line":41,"column":2},"end":{"line":41,"column":41}},"12":{"start":{"line":42,"column":2},"end":{"line":45,"column":5}},"13":{"start":{"line":48,"column":0},"end":{"line":48,"column":30}}},"fnMap":{"0":{"name":"(anonymous_0)","decl":{"start":{"line":4,"column":21},"end":{"line":4,"column":22}},"loc":{"start":{"line":4,"column":46},"end":{"line":46,"column":1}},"line":4},"1":{"name":"(anonymous_1)","decl":{"start":{"line":15,"column":51},"end":{"line":15,"column":52}},"loc":{"start":{"line":15,"column":58},"end":{"line":15,"column":67}},"line":15}},"branchMap":{"0":{"loc":{"start":{"line":6,"column":2},"end":{"line":11,"column":3}},"type":"if","locations":[{"start":{"line":6,"column":2},"end":{"line":11,"column":3}},{"start":{},"end":{}}],"line":6},"1":{"loc":{"start":{"line":14,"column":2},"end":{"line":21,"column":3}},"type":"if","locations":[{"start":{"line":14,"column":2},"end":{"line":21,"column":3}},{"start":{},"end":{}}],"line":14},"2":{"loc":{"start":{"line":24,"column":2},"end":{"line":29,"column":3}},"type":"if","locations":[{"start":{"line":24,"column":2},"end":{"line":29,"column":3}},{"start":{},"end":{}}],"line":24},"3":{"loc":{"start":{"line":32,"column":2},"end":{"line":38,"column":3}},"type":"if","locations":[{"start":{"line":32,"column":2},"end":{"line":38,"column":3}},{"start":{},"end":{}}],"line":32},"4":{"loc":{"start":{"line":32,"column":6},"end":{"line":32,"column":47}},"type":"binary-expr","locations":[{"start":{"line":32,"column":6},"end":{"line":32,"column":14}},{"start":{"line":32,"column":18},"end":{"line":32,"column":47}}],"line":32},"5":{"loc":{"start":{"line":33,"column":22},"end":{"line":33,"column":43}},"type":"binary-expr","locations":[{"start":{"line":33,"column":22},"end":{"line":33,"column":36}},{"start":{"line":33,"column":40},"end":{"line":33,"column":43}}],"line":33}},"s":{"0":1,"1":10,"2":10,"3":0,"4":0,"5":0,"6":0,"7":0,"8":0,"9":0,"10":0,"11":0,"12":0,"13":1},"f":{"0":10,"1":0},"b":{"0":[10,0],"1":[0,0],"2":[0,0],"3":[0,0],"4":[0,0],"5":[0,0]},"_coverageSchema":"1a1c01bbd47fc00a2c39e90264f33305004495a9","hash":"8facf39a6d09e2e9558146241b9a46f552067d43"}
,"C:\\Users\\User\\Documents\\Project\\af2\\food-ordering-system\\payment-service\\src\\models\\Payment.js": {"path":"C:\\Users\\User\\Documents\\Project\\af2\\food-ordering-system\\payment-service\\src\\models\\Payment.js","statementMap":{"0":{"start":{"line":1,"column":17},"end":{"line":1,"column":36}},"1":{"start":{"line":3,"column":22},"end":{"line":70,"column":1}},"2":{"start":{"line":73,"column":0},"end":{"line":73,"column":35}},"3":{"start":{"line":74,"column":0},"end":{"line":74,"column":39}},"4":{"start":{"line":76,"column":0},"end":{"line":76,"column":58}}},"fnMap":{},"branchMap":{},"s":{"0":1,"1":1,"2":1,"3":1,"4":1},"f":{},"b":{},"_coverageSchema":"1a1c01bbd47fc00a2c39e90264f33305004495a9","hash":"605ab6f91e9ecf31c5458351ac2b03aa0ef8329b"}
,"C:\\Users\\User\\Documents\\Project\\af2\\food-ordering-system\\payment-service\\src\\routes\\paymentRoutes.js": {"path":"C:\\Users\\User\\Documents\\Project\\af2\\food-ordering-system\\payment-service\\src\\routes\\paymentRoutes.js","statementMap":{"0":{"start":{"line":1,"column":16},"end":{"line":1,"column":34}},"1":{"start":{"line":2,"column":15},"end":{"line":2,"column":31}},"2":{"start":{"line":3,"column":26},"end":{"line":3,"column":69}},"3":{"start":{"line":6,"column":0},"end":{"line":6,"column":50}},"4":{"start":{"line":9,"column":0},"end":{"line":9,"column":50}},"5":{"start":{"line":16,"column":0},"end":{"line":16,"column":70}},"6":{"start":{"line":20,"column":0},"end":{"line":20,"column":65}},"7":{"start":{"line":23,"column":0},"end":{"line":23,"column":69}},"8":{"start":{"line":28,"column":0},"end":{"line":28,"column":62}},"9":{"start":{"line":31,"column":0},"end":{"line":31,"column":60}},"10":{"start":{"line":34,"column":0},"end":{"line":34,"column":62}},"11":{"start":{"line":37,"column":0},"end":{"line":37,"column":53}},"12":{"start":{"line":39,"column":0},"end":{"line":39,"column":24}}},"fnMap":{},"branchMap":{},"s":{"0":1,"1":1,"2":1,"3":1,"4":1,"5":1,"6":1,"7":1,"8":1,"9":1,"10":1,"11":1,"12":1},"f":{},"b":{},"_coverageSchema":"1a1c01bbd47fc00a2c39e90264f33305004495a9","hash":"69dc3a3a959a6ffa673b3303a03abea9bf0c7654"}
,"C:\\Users\\User\\Documents\\Project\\af2\\food-ordering-system\\payment-service\\src\\services\\paymentService.js": {"path":"C:\\Users\\User\\Documents\\Project\\af2\\food-ordering-system\\payment-service\\src\\services\\paymentService.js","statementMap":{"0":{"start":{"line":1,"column":15},"end":{"line":1,"column":32}},"1":{"start":{"line":2,"column":16},"end":{"line":2,"column":44}},"2":{"start":{"line":3,"column":38},"end":{"line":3,"column":62}},"3":{"start":{"line":6,"column":21},"end":{"line":6,"column":58}},"4":{"start":{"line":15,"column":4},"end":{"line":17,"column":5}},"5":{"start":{"line":16,"column":6},"end":{"line":16,"column":72}},"6":{"start":{"line":20,"column":22},"end":{"line":20,"column":26}},"7":{"start":{"line":21,"column":4},"end":{"line":28,"column":5}},"8":{"start":{"line":22,"column":6},"end":{"line":22,"column":47}},"9":{"start":{"line":26,"column":6},"end":{"line":26,"column":40}},"10":{"start":{"line":26,"column":30},"end":{"line":26,"column":40}},"11":{"start":{"line":27,"column":6},"end":{"line":27,"column":93}},"12":{"start":{"line":31,"column":26},"end":{"line":31,"column":50}},"13":{"start":{"line":34,"column":26},"end":{"line":44,"column":6}},"14":{"start":{"line":47,"column":20},"end":{"line":59,"column":6}},"15":{"start":{"line":61,"column":4},"end":{"line":61,"column":25}},"16":{"start":{"line":63,"column":4},"end":{"line":70,"column":6}},"17":{"start":{"line":77,"column":20},"end":{"line":77,"column":53}},"18":{"start":{"line":78,"column":4},"end":{"line":80,"column":5}},"19":{"start":{"line":79,"column":6},"end":{"line":79,"column":58}},"20":{"start":{"line":82,"column":4},"end":{"line":84,"column":5}},"21":{"start":{"line":83,"column":6},"end":{"line":83,"column":75}},"22":{"start":{"line":87,"column":26},"end":{"line":92,"column":5}},"23":{"start":{"line":95,"column":4},"end":{"line":95,"column":83}},"24":{"start":{"line":96,"column":4},"end":{"line":96,"column":25}},"25":{"start":{"line":98,"column":4},"end":{"line":105,"column":6}},"26":{"start":{"line":112,"column":20},"end":{"line":112,"column":53}},"27":{"start":{"line":113,"column":4},"end":{"line":115,"column":5}},"28":{"start":{"line":114,"column":6},"end":{"line":114,"column":58}},"29":{"start":{"line":116,"column":4},"end":{"line":116,"column":19}},"30":{"start":{"line":123,"column":20},"end":{"line":123,"column":54}},"31":{"start":{"line":124,"column":4},"end":{"line":126,"column":5}},"32":{"start":{"line":125,"column":6},"end":{"line":125,"column":73}},"33":{"start":{"line":127,"column":4},"end":{"line":127,"column":19}},"34":{"start":{"line":134,"column":19},"end":{"line":134,"column":21}},"35":{"start":{"line":135,"column":4},"end":{"line":135,"column":39}},"36":{"start":{"line":135,"column":16},"end":{"line":135,"column":39}},"37":{"start":{"line":136,"column":4},"end":{"line":136,"column":39}},"38":{"start":{"line":136,"column":16},"end":{"line":136,"column":39}},"39":{"start":{"line":138,"column":17},"end":{"line":138,"column":35}},"40":{"start":{"line":140,"column":30},"end":{"line":143,"column":6}},"41":{"start":{"line":145,"column":4},"end":{"line":153,"column":6}},"42":{"start":{"line":160,"column":20},"end":{"line":160,"column":53}},"43":{"start":{"line":161,"column":4},"end":{"line":163,"column":5}},"44":{"start":{"line":162,"column":6},"end":{"line":162,"column":58}},"45":{"start":{"line":165,"column":4},"end":{"line":167,"column":5}},"46":{"start":{"line":166,"column":6},"end":{"line":166,"column":80}},"47":{"start":{"line":169,"column":25},"end":{"line":169,"column":49}},"48":{"start":{"line":170,"column":4},"end":{"line":172,"column":5}},"49":{"start":{"line":171,"column":6},"end":{"line":171,"column":83}},"50":{"start":{"line":175,"column":19},"end":{"line":178,"column":6}},"51":{"start":{"line":181,"column":4},"end":{"line":181,"column":32}},"52":{"start":{"line":182,"column":4},"end":{"line":182,"column":33}},"53":{"start":{"line":183,"column":4},"end":{"line":183,"column":40}},"54":{"start":{"line":184,"column":4},"end":{"line":184,"column":25}},"55":{"start":{"line":186,"column":4},"end":{"line":192,"column":6}},"56":{"start":{"line":199,"column":20},"end":{"line":199,"column":53}},"57":{"start":{"line":200,"column":4},"end":{"line":202,"column":5}},"58":{"start":{"line":201,"column":6},"end":{"line":201,"column":58}},"59":{"start":{"line":204,"column":20},"end":{"line":217,"column":5}},"60":{"start":{"line":219,"column":4},"end":{"line":219,"column":19}},"61":{"start":{"line":230,"column":4},"end":{"line":230,"column":31}},"62":{"start":{"line":241,"column":17},"end":{"line":241,"column":35}},"63":{"start":{"line":243,"column":36},"end":{"line":251,"column":6}},"64":{"start":{"line":248,"column":8},"end":{"line":248,"column":93}},"65":{"start":{"line":249,"column":8},"end":{"line":249,"column":20}},"66":{"start":{"line":253,"column":4},"end":{"line":262,"column":6}},"67":{"start":{"line":266,"column":0},"end":{"line":266,"column":38}}},"fnMap":{"0":{"name":"(anonymous_0)","decl":{"start":{"line":13,"column":2},"end":{"line":13,"column":3}},"loc":{"start":{"line":13,"column":99},"end":{"line":71,"column":3}},"line":13},"1":{"name":"(anonymous_1)","decl":{"start":{"line":76,"column":2},"end":{"line":76,"column":3}},"loc":{"start":{"line":76,"column":51},"end":{"line":106,"column":3}},"line":76},"2":{"name":"(anonymous_2)","decl":{"start":{"line":111,"column":2},"end":{"line":111,"column":3}},"loc":{"start":{"line":111,"column":34},"end":{"line":117,"column":3}},"line":111},"3":{"name":"(anonymous_3)","decl":{"start":{"line":122,"column":2},"end":{"line":122,"column":3}},"loc":{"start":{"line":122,"column":37},"end":{"line":128,"column":3}},"line":122},"4":{"name":"(anonymous_4)","decl":{"start":{"line":133,"column":2},"end":{"line":133,"column":3}},"loc":{"start":{"line":133,"column":65},"end":{"line":154,"column":3}},"line":133},"5":{"name":"(anonymous_5)","decl":{"start":{"line":159,"column":2},"end":{"line":159,"column":3}},"loc":{"start":{"line":159,"column":41},"end":{"line":193,"column":3}},"line":159},"6":{"name":"(anonymous_6)","decl":{"start":{"line":198,"column":2},"end":{"line":198,"column":3}},"loc":{"start":{"line":198,"column":35},"end":{"line":220,"column":3}},"line":198},"7":{"name":"(anonymous_7)","decl":{"start":{"line":229,"column":2},"end":{"line":229,"column":3}},"loc":{"start":{"line":229,"column":31},"end":{"line":231,"column":3}},"line":229},"8":{"name":"(anonymous_8)","decl":{"start":{"line":240,"column":2},"end":{"line":240,"column":3}},"loc":{"start":{"line":240,"column":65},"end":{"line":263,"column":3}},"line":240},"9":{"name":"(anonymous_9)","decl":{"start":{"line":246,"column":32},"end":{"line":246,"column":33}},"loc":{"start":{"line":246,"column":41},"end":{"line":250,"column":7}},"line":246}},"branchMap":{"0":{"loc":{"start":{"line":15,"column":4},"end":{"line":17,"column":5}},"type":"if","locations":[{"start":{"line":15,"column":4},"end":{"line":17,"column":5}},{"start":{},"end":{}}],"line":15},"1":{"loc":{"start":{"line":26,"column":6},"end":{"line":26,"column":40}},"type":"if","locations":[{"start":{"line":26,"column":6},"end":{"line":26,"column":40}},{"start":{},"end":{}}],"line":26},"2":{"loc":{"start":{"line":36,"column":16},"end":{"line":36,"column":33}},"type":"binary-expr","locations":[{"start":{"line":36,"column":16},"end":{"line":36,"column":24}},{"start":{"line":36,"column":28},"end":{"line":36,"column":33}}],"line":36},"3":{"loc":{"start":{"line":38,"column":19},"end":{"line":38,"column":64}},"type":"binary-expr","locations":[{"start":{"line":38,"column":19},"end":{"line":38,"column":30}},{"start":{"line":38,"column":34},"end":{"line":38,"column":64}}],"line":38},"4":{"loc":{"start":{"line":51,"column":16},"end":{"line":51,"column":33}},"type":"binary-expr","locations":[{"start":{"line":51,"column":16},"end":{"line":51,"column":24}},{"start":{"line":51,"column":28},"end":{"line":51,"column":33}}],"line":51},"5":{"loc":{"start":{"line":53,"column":21},"end":{"line":53,"column":44}},"type":"binary-expr","locations":[{"start":{"line":53,"column":21},"end":{"line":53,"column":34}},{"start":{"line":53,"column":38},"end":{"line":53,"column":44}}],"line":53},"6":{"loc":{"start":{"line":56,"column":19},"end":{"line":56,"column":64}},"type":"binary-expr","locations":[{"start":{"line":56,"column":19},"end":{"line":56,"column":30}},{"start":{"line":56,"column":34},"end":{"line":56,"column":64}}],"line":56},"7":{"loc":{"start":{"line":78,"column":4},"end":{"line":80,"column":5}},"type":"if","locations":[{"start":{"line":78,"column":4},"end":{"line":80,"column":5}},{"start":{},"end":{}}],"line":78},"8":{"loc":{"start":{"line":82,"column":4},"end":{"line":84,"column":5}},"type":"if","locations":[{"start":{"line":82,"column":4},"end":{"line":84,"column":5}},{"start":{},"end":{}}],"line":82},"9":{"loc":{"start":{"line":95,"column":21},"end":{"line":95,"column":82}},"type":"cond-expr","locations":[{"start":{"line":95,"column":60},"end":{"line":95,"column":71}},{"start":{"line":95,"column":74},"end":{"line":95,"column":82}}],"line":95},"10":{"loc":{"start":{"line":113,"column":4},"end":{"line":115,"column":5}},"type":"if","locations":[{"start":{"line":113,"column":4},"end":{"line":115,"column":5}},{"start":{},"end":{}}],"line":113},"11":{"loc":{"start":{"line":124,"column":4},"end":{"line":126,"column":5}},"type":"if","locations":[{"start":{"line":124,"column":4},"end":{"line":126,"column":5}},{"start":{},"end":{}}],"line":124},"12":{"loc":{"start":{"line":133,"column":41},"end":{"line":133,"column":49}},"type":"default-arg","locations":[{"start":{"line":133,"column":48},"end":{"line":133,"column":49}}],"line":133},"13":{"loc":{"start":{"line":133,"column":51},"end":{"line":133,"column":61}},"type":"default-arg","locations":[{"start":{"line":133,"column":59},"end":{"line":133,"column":61}}],"line":133},"14":{"loc":{"start":{"line":135,"column":4},"end":{"line":135,"column":39}},"type":"if","locations":[{"start":{"line":135,"column":4},"end":{"line":135,"column":39}},{"start":{},"end":{}}],"line":135},"15":{"loc":{"start":{"line":136,"column":4},"end":{"line":136,"column":39}},"type":"if","locations":[{"start":{"line":136,"column":4},"end":{"line":136,"column":39}},{"start":{},"end":{}}],"line":136},"16":{"loc":{"start":{"line":161,"column":4},"end":{"line":163,"column":5}},"type":"if","locations":[{"start":{"line":161,"column":4},"end":{"line":163,"column":5}},{"start":{},"end":{}}],"line":161},"17":{"loc":{"start":{"line":165,"column":4},"end":{"line":167,"column":5}},"type":"if","locations":[{"start":{"line":165,"column":4},"end":{"line":167,"column":5}},{"start":{},"end":{}}],"line":165},"18":{"loc":{"start":{"line":169,"column":25},"end":{"line":169,"column":49}},"type":"binary-expr","locations":[{"start":{"line":169,"column":25},"end":{"line":169,"column":31}},{"start":{"line":169,"column":35},"end":{"line":169,"column":49}}],"line":169},"19":{"loc":{"start":{"line":170,"column":4},"end":{"line":172,"column":5}},"type":"if","locations":[{"start":{"line":170,"column":4},"end":{"line":172,"column":5}},{"start":{},"end":{}}],"line":170},"20":{"loc":{"start":{"line":200,"column":4},"end":{"line":202,"column":5}},"type":"if","locations":[{"start":{"line":200,"column":4},"end":{"line":202,"column":5}},{"start":{},"end":{}}],"line":200},"21":{"loc":{"start":{"line":215,"column":14},"end":{"line":215,"column":71}},"type":"cond-expr","locations":[{"start":{"line":215,"column":47},"end":{"line":215,"column":64}},{"start":{"line":215,"column":67},"end":{"line":215,"column":71}}],"line":215},"22":{"loc":{"start":{"line":240,"column":34},"end":{"line":240,"column":63}},"type":"default-arg","locations":[{"start":{"line":240,"column":61},"end":{"line":240,"column":63}}],"line":240},"23":{"loc":{"start":{"line":240,"column":36},"end":{"line":240,"column":44}},"type":"default-arg","locations":[{"start":{"line":240,"column":43},"end":{"line":240,"column":44}}],"line":240},"24":{"loc":{"start":{"line":240,"column":46},"end":{"line":240,"column":56}},"type":"default-arg","locations":[{"start":{"line":240,"column":54},"end":{"line":240,"column":56}}],"line":240}},"s":{"0":1,"1":1,"2":1,"3":1,"4":2,"5":0,"6":2,"7":2,"8":2,"9":1,"10":1,"11":0,"12":1,"13":1,"14":1,"15":1,"16":1,"17":3,"18":3,"19":1,"20":2,"21":1,"22":1,"23":1,"24":1,"25":1,"26":2,"27":2,"28":1,"29":1,"30":2,"31":2,"32":1,"33":1,"34":3,"35":3,"36":1,"37":3,"38":1,"39":3,"40":3,"41":3,"42":4,"43":4,"44":0,"45":4,"46":1,"47":3,"48":3,"49":1,"50":2,"51":2,"52":2,"53":2,"54":2,"55":2,"56":2,"57":2,"58":1,"59":1,"60":1,"61":3,"62":2,"63":2,"64":1,"65":1,"66":2,"67":1},"f":{"0":2,"1":3,"2":2,"3":2,"4":3,"5":4,"6":2,"7":3,"8":2,"9":1},"b":{"0":[0,2],"1":[1,0],"2":[1,0],"3":[1,0],"4":[1,0],"5":[1,1],"6":[1,0],"7":[1,2],"8":[1,1],"9":[1,0],"10":[1,1],"11":[1,1],"12":[3],"13":[3],"14":[1,2],"15":[1,2],"16":[0,4],"17":[1,3],"18":[3,1],"19":[1,2],"20":[1,1],"21":[1,0],"22":[0],"23":[2],"24":[2]},"_coverageSchema":"1a1c01bbd47fc00a2c39e90264f33305004495a9","hash":"79be3e71eddae0d3c2c125c556972c3c78187195"}
,"C:\\Users\\User\\Documents\\Project\\af2\\food-ordering-system\\payment-service\\src\\services\\userService.js": {"path":"C:\\Users\\User\\Documents\\Project\\af2\\food-ordering-system\\payment-service\\src\\services\\userService.js","statementMap":{"0":{"start":{"line":1,"column":14},"end":{"line":1,"column":30}},"1":{"start":{"line":4,"column":2},"end":{"line":4,"column":78}},"2":{"start":{"line":14,"column":20},"end":{"line":45,"column":1}},"3":{"start":{"line":15,"column":2},"end":{"line":44,"column":3}},"4":{"start":{"line":16,"column":21},"end":{"line":21,"column":6}},"5":{"start":{"line":24,"column":20},"end":{"line":24,"column":33}},"6":{"start":{"line":25,"column":4},"end":{"line":25,"column":76}},"7":{"start":{"line":27,"column":4},"end":{"line":37,"column":5}},"8":{"start":{"line":29,"column":21},"end":{"line":29,"column":42}},"9":{"start":{"line":30,"column":6},"end":{"line":32,"column":7}},"10":{"start":{"line":31,"column":8},"end":{"line":31,"column":68}},"11":{"start":{"line":33,"column":6},"end":{"line":36,"column":8}},"12":{"start":{"line":39,"column":4},"end":{"line":41,"column":5}},"13":{"start":{"line":40,"column":6},"end":{"line":40,"column":72}},"14":{"start":{"line":43,"column":4},"end":{"line":43,"column":91}},"15":{"start":{"line":54,"column":21},"end":{"line":56,"column":1}},"16":{"start":{"line":55,"column":2},"end":{"line":55,"column":29}},"17":{"start":{"line":58,"column":0},"end":{"line":58,"column":47}}},"fnMap":{"0":{"name":"(anonymous_0)","decl":{"start":{"line":14,"column":20},"end":{"line":14,"column":21}},"loc":{"start":{"line":14,"column":38},"end":{"line":45,"column":1}},"line":14},"1":{"name":"(anonymous_1)","decl":{"start":{"line":54,"column":21},"end":{"line":54,"column":22}},"loc":{"start":{"line":54,"column":39},"end":{"line":56,"column":1}},"line":54}},"branchMap":{"0":{"loc":{"start":{"line":4,"column":2},"end":{"line":4,"column":78}},"type":"binary-expr","locations":[{"start":{"line":4,"column":2},"end":{"line":4,"column":30}},{"start":{"line":4,"column":34},"end":{"line":4,"column":78}}],"line":4},"1":{"loc":{"start":{"line":25,"column":11},"end":{"line":25,"column":75}},"type":"binary-expr","locations":[{"start":{"line":25,"column":11},"end":{"line":25,"column":30}},{"start":{"line":25,"column":34},"end":{"line":25,"column":47}},{"start":{"line":25,"column":51},"end":{"line":25,"column":64}},{"start":{"line":25,"column":68},"end":{"line":25,"column":75}}],"line":25},"2":{"loc":{"start":{"line":27,"column":4},"end":{"line":37,"column":5}},"type":"if","locations":[{"start":{"line":27,"column":4},"end":{"line":37,"column":5}},{"start":{},"end":{}}],"line":27},"3":{"loc":{"start":{"line":30,"column":6},"end":{"line":32,"column":7}},"type":"if","locations":[{"start":{"line":30,"column":6},"end":{"line":32,"column":7}},{"start":{},"end":{}}],"line":30},"4":{"loc":{"start":{"line":35,"column":49},"end":{"line":35,"column":94}},"type":"binary-expr","locations":[{"start":{"line":35,"column":49},"end":{"line":35,"column":77}},{"start":{"line":35,"column":81},"end":{"line":35,"column":94}}],"line":35},"5":{"loc":{"start":{"line":39,"column":4},"end":{"line":41,"column":5}},"type":"if","locations":[{"start":{"line":39,"column":4},"end":{"line":41,"column":5}},{"start":{},"end":{}}],"line":39},"6":{"loc":{"start":{"line":39,"column":8},"end":{"line":39,"column":67}},"type":"binary-expr","locations":[{"start":{"line":39,"column":8},"end":{"line":39,"column":37}},{"start":{"line":39,"column":41},"end":{"line":39,"column":67}}],"line":39}},"s":{"0":1,"1":1,"2":1,"3":7,"4":7,"5":3,"6":3,"7":4,"8":2,"9":2,"10":2,"11":0,"12":2,"13":0,"14":2,"15":1,"16":2,"17":1},"f":{"0":7,"1":2},"b":{"0":[1,1],"1":[3,3,3,3],"2":[2,2],"3":[2,0],"4":[0,0],"5":[0,2],"6":[2,2]},"_coverageSchema":"1a1c01bbd47fc00a2c39e90264f33305004495a9","hash":"c9a63e71b053b323bb024fbd398f3e6fae628b3e"}
}
