TN:
SF:src\app.js
FN:36,(anonymous_0)
FN:48,(anonymous_1)
FNF:2
FNH:2
FNDA:1,(anonymous_0)
FNDA:1,(anonymous_1)
DA:1,1
DA:2,1
DA:3,1
DA:4,1
DA:5,1
DA:6,1
DA:7,1
DA:9,1
DA:10,1
DA:12,1
DA:15,1
DA:16,1
DA:19,1
DA:20,1
DA:23,1
DA:24,0
DA:28,1
DA:29,1
DA:30,1
DA:32,0
DA:36,1
DA:37,1
DA:45,1
DA:48,1
DA:49,1
DA:56,1
DA:58,1
LF:27
LH:25
BRDA:23,0,0,0
BRDA:23,0,1,1
BRF:2
BRH:1
end_of_record
TN:
SF:src\controllers\paymentController.js
FN:7,(anonymous_0)
FN:42,(anonymous_1)
FN:70,(anonymous_2)
FN:87,(anonymous_3)
FN:104,(anonymous_4)
FN:123,(anonymous_5)
FN:142,(anonymous_6)
FN:160,(anonymous_7)
FN:178,(anonymous_8)
FNF:9
FNH:9
FNDA:5,(anonymous_0)
FNDA:4,(anonymous_1)
FNDA:2,(anonymous_2)
FNDA:2,(anonymous_3)
FNDA:3,(anonymous_4)
FNDA:4,(anonymous_5)
FNDA:2,(anonymous_6)
FNDA:3,(anonymous_7)
FNDA:2,(anonymous_8)
DA:1,1
DA:7,1
DA:8,5
DA:9,5
DA:11,5
DA:12,3
DA:18,2
DA:28,1
DA:34,1
DA:42,1
DA:43,4
DA:44,4
DA:45,4
DA:47,4
DA:48,1
DA:54,3
DA:56,1
DA:62,2
DA:70,1
DA:71,2
DA:72,2
DA:74,1
DA:79,1
DA:87,1
DA:88,2
DA:89,2
DA:91,1
DA:96,1
DA:104,1
DA:105,3
DA:106,3
DA:107,3
DA:109,3
DA:115,0
DA:123,1
DA:124,4
DA:125,4
DA:126,4
DA:128,2
DA:134,2
DA:142,1
DA:143,2
DA:144,2
DA:146,1
DA:151,1
DA:160,1
DA:161,3
DA:162,3
DA:164,1
DA:169,2
DA:178,1
DA:179,2
DA:180,2
DA:181,2
DA:183,2
DA:192,0
LF:56
LH:54
BRDA:11,0,0,3
BRDA:11,0,1,2
BRDA:11,1,0,5
BRDA:11,1,1,4
BRDA:11,1,2,3
BRDA:47,2,0,1
BRDA:47,2,1,3
BRF:7
BRH:7
end_of_record
TN:
SF:src\middleware\errorHandler.js
FN:4,(anonymous_0)
FN:15,(anonymous_1)
FNF:2
FNH:1
FNDA:10,(anonymous_0)
FNDA:0,(anonymous_1)
DA:4,1
DA:6,10
DA:7,10
DA:14,0
DA:15,0
DA:16,0
DA:24,0
DA:25,0
DA:32,0
DA:33,0
DA:41,0
DA:42,0
DA:48,1
LF:13
LH:4
BRDA:6,0,0,10
BRDA:6,0,1,0
BRDA:14,1,0,0
BRDA:14,1,1,0
BRDA:24,2,0,0
BRDA:24,2,1,0
BRDA:32,3,0,0
BRDA:32,3,1,0
BRDA:32,4,0,0
BRDA:32,4,1,0
BRDA:33,5,0,0
BRDA:33,5,1,0
BRF:12
BRH:1
end_of_record
TN:
SF:src\models\Payment.js
FNF:0
FNH:0
DA:1,1
DA:3,1
DA:73,1
DA:74,1
DA:76,1
LF:5
LH:5
BRF:0
BRH:0
end_of_record
TN:
SF:src\routes\paymentRoutes.js
FNF:0
FNH:0
DA:1,1
DA:2,1
DA:3,1
DA:6,1
DA:9,1
DA:16,1
DA:20,1
DA:23,1
DA:28,1
DA:31,1
DA:34,1
DA:37,1
DA:39,1
LF:13
LH:13
BRF:0
BRH:0
end_of_record
TN:
SF:src\services\paymentService.js
FN:13,(anonymous_0)
FN:76,(anonymous_1)
FN:111,(anonymous_2)
FN:122,(anonymous_3)
FN:133,(anonymous_4)
FN:159,(anonymous_5)
FN:198,(anonymous_6)
FN:229,(anonymous_7)
FN:240,(anonymous_8)
FN:246,(anonymous_9)
FNF:10
FNH:10
FNDA:2,(anonymous_0)
FNDA:3,(anonymous_1)
FNDA:2,(anonymous_2)
FNDA:2,(anonymous_3)
FNDA:3,(anonymous_4)
FNDA:4,(anonymous_5)
FNDA:2,(anonymous_6)
FNDA:3,(anonymous_7)
FNDA:2,(anonymous_8)
FNDA:1,(anonymous_9)
DA:1,1
DA:2,1
DA:3,1
DA:6,1
DA:15,2
DA:16,0
DA:20,2
DA:21,2
DA:22,2
DA:26,1
DA:27,0
DA:31,1
DA:34,1
DA:47,1
DA:61,1
DA:63,1
DA:77,3
DA:78,3
DA:79,1
DA:82,2
DA:83,1
DA:87,1
DA:95,1
DA:96,1
DA:98,1
DA:112,2
DA:113,2
DA:114,1
DA:116,1
DA:123,2
DA:124,2
DA:125,1
DA:127,1
DA:134,3
DA:135,3
DA:136,3
DA:138,3
DA:140,3
DA:145,3
DA:160,4
DA:161,4
DA:162,0
DA:165,4
DA:166,1
DA:169,3
DA:170,3
DA:171,1
DA:175,2
DA:181,2
DA:182,2
DA:183,2
DA:184,2
DA:186,2
DA:199,2
DA:200,2
DA:201,1
DA:204,1
DA:219,1
DA:230,3
DA:241,2
DA:243,2
DA:248,1
DA:249,1
DA:253,2
DA:266,1
LF:65
LH:62
BRDA:15,0,0,0
BRDA:15,0,1,2
BRDA:26,1,0,1
BRDA:26,1,1,0
BRDA:36,2,0,1
BRDA:36,2,1,0
BRDA:38,3,0,1
BRDA:38,3,1,0
BRDA:51,4,0,1
BRDA:51,4,1,0
BRDA:53,5,0,1
BRDA:53,5,1,1
BRDA:56,6,0,1
BRDA:56,6,1,0
BRDA:78,7,0,1
BRDA:78,7,1,2
BRDA:82,8,0,1
BRDA:82,8,1,1
BRDA:95,9,0,1
BRDA:95,9,1,0
BRDA:113,10,0,1
BRDA:113,10,1,1
BRDA:124,11,0,1
BRDA:124,11,1,1
BRDA:133,12,0,3
BRDA:133,13,0,3
BRDA:135,14,0,1
BRDA:135,14,1,2
BRDA:136,15,0,1
BRDA:136,15,1,2
BRDA:161,16,0,0
BRDA:161,16,1,4
BRDA:165,17,0,1
BRDA:165,17,1,3
BRDA:169,18,0,3
BRDA:169,18,1,1
BRDA:170,19,0,1
BRDA:170,19,1,2
BRDA:200,20,0,1
BRDA:200,20,1,1
BRDA:215,21,0,1
BRDA:215,21,1,0
BRDA:240,22,0,0
BRDA:240,23,0,2
BRDA:240,24,0,2
BRF:45
BRH:35
end_of_record
TN:
SF:src\services\userService.js
FN:14,(anonymous_0)
FN:54,(anonymous_1)
FNF:2
FNH:2
FNDA:7,(anonymous_0)
FNDA:2,(anonymous_1)
DA:1,1
DA:4,1
DA:14,1
DA:15,7
DA:16,7
DA:24,3
DA:25,3
DA:27,4
DA:29,2
DA:30,2
DA:31,2
DA:33,0
DA:39,2
DA:40,0
DA:43,2
DA:54,1
DA:55,2
DA:58,1
LF:18
LH:16
BRDA:4,0,0,1
BRDA:4,0,1,1
BRDA:25,1,0,3
BRDA:25,1,1,3
BRDA:25,1,2,3
BRDA:25,1,3,3
BRDA:27,2,0,2
BRDA:27,2,1,2
BRDA:30,3,0,2
BRDA:30,3,1,0
BRDA:35,4,0,0
BRDA:35,4,1,0
BRDA:39,5,0,0
BRDA:39,5,1,2
BRDA:39,6,0,2
BRDA:39,6,1,2
BRF:16
BRH:12
end_of_record
