TN:
SF:src\app.js
FN:36,(anonymous_0)
FN:48,(anonymous_1)
FNF:2
FNH:2
FNDA:1,(anonymous_0)
FNDA:1,(anonymous_1)
DA:1,1
DA:2,1
DA:3,1
DA:4,1
DA:5,1
DA:6,1
DA:7,1
DA:9,1
DA:10,1
DA:12,1
DA:15,1
DA:16,1
DA:19,1
DA:20,1
DA:23,1
DA:24,0
DA:28,1
DA:29,1
DA:30,1
DA:32,0
DA:36,1
DA:37,1
DA:45,1
DA:48,1
DA:49,1
DA:56,1
DA:58,1
LF:27
LH:25
BRDA:23,0,0,0
BRDA:23,0,1,1
BRF:2
BRH:1
end_of_record
TN:
SF:src\controllers\paymentController.js
FN:9,(anonymous_0)
FN:38,(anonymous_1)
FN:55,(anonymous_2)
FN:90,(anonymous_3)
FN:118,(anonymous_4)
FN:135,(anonymous_5)
FN:152,(anonymous_6)
FN:171,(anonymous_7)
FN:190,(anonymous_8)
FN:208,(anonymous_9)
FN:226,(anonymous_10)
FNF:11
FNH:11
FNDA:5,(anonymous_0)
FNDA:3,(anonymous_1)
FNDA:5,(anonymous_2)
FNDA:4,(anonymous_3)
FNDA:2,(anonymous_4)
FNDA:2,(anonymous_5)
FNDA:3,(anonymous_6)
FNDA:4,(anonymous_7)
FNDA:2,(anonymous_8)
FNDA:3,(anonymous_9)
FNDA:2,(anonymous_10)
DA:1,1
DA:9,1
DA:10,5
DA:11,5
DA:12,5
DA:14,5
DA:22,2
DA:28,3
DA:38,1
DA:39,3
DA:40,3
DA:42,2
DA:47,1
DA:55,1
DA:56,5
DA:57,5
DA:59,5
DA:60,3
DA:66,2
DA:76,1
DA:82,1
DA:90,1
DA:91,4
DA:92,4
DA:93,4
DA:95,4
DA:96,1
DA:102,3
DA:104,1
DA:110,2
DA:118,1
DA:119,2
DA:120,2
DA:122,1
DA:127,1
DA:135,1
DA:136,2
DA:137,2
DA:139,1
DA:144,1
DA:152,1
DA:153,3
DA:154,3
DA:155,3
DA:157,3
DA:163,0
DA:171,1
DA:172,4
DA:173,4
DA:174,4
DA:176,2
DA:182,2
DA:190,1
DA:191,2
DA:192,2
DA:194,1
DA:199,1
DA:208,1
DA:209,3
DA:210,3
DA:212,1
DA:217,2
DA:226,1
DA:227,2
DA:228,2
DA:229,2
DA:231,2
DA:240,0
LF:68
LH:66
BRDA:59,0,0,3
BRDA:59,0,1,2
BRDA:59,1,0,5
BRDA:59,1,1,4
BRDA:59,1,2,3
BRDA:95,2,0,1
BRDA:95,2,1,3
BRF:7
BRH:7
end_of_record
TN:
SF:src\middleware\errorHandler.js
FN:4,(anonymous_0)
FN:15,(anonymous_1)
FNF:2
FNH:1
FNDA:14,(anonymous_0)
FNDA:0,(anonymous_1)
DA:4,1
DA:6,14
DA:7,14
DA:14,0
DA:15,0
DA:16,0
DA:24,0
DA:25,0
DA:32,0
DA:33,0
DA:41,0
DA:42,0
DA:48,1
LF:13
LH:4
BRDA:6,0,0,14
BRDA:6,0,1,0
BRDA:14,1,0,0
BRDA:14,1,1,0
BRDA:24,2,0,0
BRDA:24,2,1,0
BRDA:32,3,0,0
BRDA:32,3,1,0
BRDA:32,4,0,0
BRDA:32,4,1,0
BRDA:33,5,0,0
BRDA:33,5,1,0
BRF:12
BRH:1
end_of_record
TN:
SF:src\models\Payment.js
FNF:0
FNH:0
DA:1,1
DA:3,1
DA:78,1
DA:79,1
DA:81,1
LF:5
LH:5
BRF:0
BRH:0
end_of_record
TN:
SF:src\routes\paymentRoutes.js
FNF:0
FNH:0
DA:1,1
DA:2,1
DA:3,1
DA:9,1
DA:12,1
DA:15,1
DA:21,1
DA:25,1
DA:28,1
DA:33,1
DA:36,1
DA:39,1
DA:42,1
DA:45,1
DA:47,1
LF:15
LH:15
BRF:0
BRH:0
end_of_record
TN:
SF:src\services\orderService.js
FN:14,(anonymous_0)
FN:62,(anonymous_1)
FN:88,(anonymous_2)
FNF:3
FNH:3
FNDA:7,(anonymous_0)
FNDA:3,(anonymous_1)
FNDA:5,(anonymous_2)
DA:1,1
DA:4,1
DA:14,1
DA:15,7
DA:16,7
DA:22,4
DA:23,4
DA:26,4
DA:27,0
DA:30,4
DA:32,3
DA:34,3
DA:35,1
DA:36,1
DA:37,1
DA:39,0
DA:45,2
DA:46,0
DA:49,2
DA:62,1
DA:64,3
DA:70,3
DA:71,0
DA:74,3
DA:75,3
DA:76,0
DA:79,3
DA:88,1
DA:89,5
DA:92,3
DA:93,3
DA:94,0
DA:100,3
DA:101,3
DA:104,1
LF:35
LH:29
BRDA:4,0,0,1
BRDA:4,0,1,1
BRDA:23,1,0,4
BRDA:23,1,1,4
BRDA:23,1,2,4
BRDA:23,1,3,4
BRDA:26,2,0,0
BRDA:26,2,1,4
BRDA:26,3,0,4
BRDA:26,3,1,4
BRDA:26,3,2,0
BRDA:32,4,0,0
BRDA:32,4,1,3
BRDA:34,5,0,1
BRDA:34,5,1,2
BRDA:36,6,0,1
BRDA:36,6,1,0
BRDA:41,7,0,0
BRDA:41,7,1,0
BRDA:45,8,0,0
BRDA:45,8,1,2
BRDA:45,9,0,2
BRDA:45,9,1,2
BRDA:64,10,0,3
BRDA:64,10,1,0
BRDA:64,10,2,0
BRDA:64,10,3,0
BRDA:64,10,4,0
BRDA:70,11,0,0
BRDA:70,11,1,3
BRDA:70,12,0,3
BRDA:70,12,1,3
BRDA:75,13,0,0
BRDA:75,13,1,3
BRDA:75,14,0,3
BRDA:75,14,1,3
BRDA:93,15,0,0
BRDA:93,15,1,3
BRDA:93,16,0,3
BRDA:93,16,1,0
BRF:40
BRH:25
end_of_record
TN:
SF:src\services\paymentService.js
FN:14,(anonymous_0)
FN:77,(anonymous_1)
FN:112,(anonymous_2)
FN:123,(anonymous_3)
FN:134,(anonymous_4)
FN:160,(anonymous_5)
FN:199,(anonymous_6)
FN:242,(anonymous_7)
FN:323,(anonymous_8)
FN:331,(anonymous_9)
FN:335,(anonymous_10)
FN:355,(anonymous_11)
FN:366,(anonymous_12)
FN:372,(anonymous_13)
FNF:14
FNH:13
FNDA:2,(anonymous_0)
FNDA:3,(anonymous_1)
FNDA:2,(anonymous_2)
FNDA:2,(anonymous_3)
FNDA:3,(anonymous_4)
FNDA:4,(anonymous_5)
FNDA:2,(anonymous_6)
FNDA:5,(anonymous_7)
FNDA:3,(anonymous_8)
FNDA:1,(anonymous_9)
FNDA:0,(anonymous_10)
FNDA:3,(anonymous_11)
FNDA:2,(anonymous_12)
FNDA:1,(anonymous_13)
DA:1,1
DA:2,1
DA:3,1
DA:4,1
DA:7,1
DA:16,2
DA:17,0
DA:21,2
DA:22,2
DA:23,2
DA:27,1
DA:28,0
DA:32,1
DA:35,1
DA:48,1
DA:62,1
DA:64,1
DA:78,3
DA:79,3
DA:80,1
DA:83,2
DA:84,1
DA:88,1
DA:96,1
DA:97,1
DA:99,1
DA:113,2
DA:114,2
DA:115,1
DA:117,1
DA:124,2
DA:125,2
DA:126,1
DA:128,1
DA:135,3
DA:136,3
DA:137,3
DA:139,3
DA:141,3
DA:146,3
DA:161,4
DA:162,4
DA:163,0
DA:166,4
DA:167,1
DA:170,3
DA:171,3
DA:172,1
DA:176,2
DA:182,2
DA:183,2
DA:184,2
DA:185,2
DA:187,2
DA:200,2
DA:201,2
DA:202,1
DA:205,1
DA:220,1
DA:245,5
DA:246,5
DA:248,2
DA:252,3
DA:253,3
DA:254,3
DA:256,1
DA:257,0
DA:261,2
DA:262,0
DA:269,2
DA:270,2
DA:272,2
DA:285,2
DA:300,2
DA:302,2
DA:324,3
DA:325,3
DA:326,1
DA:330,2
DA:332,1
DA:333,1
DA:336,0
DA:337,0
DA:341,2
DA:356,3
DA:367,2
DA:369,2
DA:374,1
DA:375,1
DA:379,2
DA:392,1
LF:91
LH:84
BRDA:16,0,0,0
BRDA:16,0,1,2
BRDA:27,1,0,1
BRDA:27,1,1,0
BRDA:37,2,0,1
BRDA:37,2,1,0
BRDA:39,3,0,1
BRDA:39,3,1,0
BRDA:52,4,0,1
BRDA:52,4,1,0
BRDA:54,5,0,1
BRDA:54,5,1,1
BRDA:57,6,0,1
BRDA:57,6,1,0
BRDA:79,7,0,1
BRDA:79,7,1,2
BRDA:83,8,0,1
BRDA:83,8,1,1
BRDA:96,9,0,1
BRDA:96,9,1,0
BRDA:114,10,0,1
BRDA:114,10,1,1
BRDA:125,11,0,1
BRDA:125,11,1,1
BRDA:134,12,0,3
BRDA:134,13,0,3
BRDA:136,14,0,1
BRDA:136,14,1,2
BRDA:137,15,0,1
BRDA:137,15,1,2
BRDA:162,16,0,0
BRDA:162,16,1,4
BRDA:166,17,0,1
BRDA:166,17,1,3
BRDA:170,18,0,3
BRDA:170,18,1,1
BRDA:171,19,0,1
BRDA:171,19,1,2
BRDA:201,20,0,1
BRDA:201,20,1,1
BRDA:216,21,0,1
BRDA:216,21,1,0
BRDA:256,22,0,1
BRDA:256,22,1,0
BRDA:261,23,0,0
BRDA:261,23,1,2
BRDA:261,24,0,2
BRDA:261,24,1,2
BRDA:270,25,0,2
BRDA:270,25,1,1
BRDA:270,25,2,1
BRDA:291,26,0,2
BRDA:291,26,1,1
BRDA:325,27,0,1
BRDA:325,27,1,2
BRDA:333,28,0,1
BRDA:333,28,1,1
BRDA:337,29,0,0
BRDA:337,29,1,0
BRDA:366,30,0,0
BRDA:366,31,0,2
BRDA:366,32,0,2
BRF:62
BRH:48
end_of_record
TN:
SF:src\services\userService.js
FN:14,(anonymous_0)
FN:54,(anonymous_1)
FNF:2
FNH:2
FNDA:12,(anonymous_0)
FNDA:5,(anonymous_1)
DA:1,1
DA:4,1
DA:14,1
DA:15,12
DA:16,12
DA:24,7
DA:25,7
DA:27,5
DA:29,3
DA:30,3
DA:31,3
DA:33,0
DA:39,2
DA:40,0
DA:43,2
DA:54,1
DA:55,5
DA:58,1
LF:18
LH:16
BRDA:4,0,0,1
BRDA:4,0,1,1
BRDA:25,1,0,7
BRDA:25,1,1,7
BRDA:25,1,2,7
BRDA:25,1,3,7
BRDA:27,2,0,3
BRDA:27,2,1,2
BRDA:30,3,0,3
BRDA:30,3,1,0
BRDA:35,4,0,0
BRDA:35,4,1,0
BRDA:39,5,0,0
BRDA:39,5,1,2
BRDA:39,6,0,2
BRDA:39,6,1,2
BRF:16
BRH:12
end_of_record
